{"C:\\Users\\Fedex\\OneDrive\\Escritorio\\Tesis\\kingdomPC\\src\\App.jsx": {"path":"C:\\Users\\Fedex\\OneDrive\\Escritorio\\Tesis\\kingdomPC\\src\\App.jsx","statementMap":{"0":{"start":{"line":15,"column":48},"end":{"line":17,"column":4}},"1":{"start":{"line":16,"column":4},"end":{"line":16,"column":62}},"2":{"start":{"line":19,"column":34},"end":{"line":22,"column":4}},"3":{"start":{"line":20,"column":22},"end":{"line":20,"column":54}},"4":{"start":{"line":21,"column":4},"end":{"line":21,"column":52}},"5":{"start":{"line":24,"column":28},"end":{"line":26,"column":4}},"6":{"start":{"line":25,"column":4},"end":{"line":25,"column":52}},"7":{"start":{"line":28,"column":36},"end":{"line":28,"column":48}},"8":{"start":{"line":30,"column":22},"end":{"line":43,"column":3}},"9":{"start":{"line":31,"column":4},"end":{"line":31,"column":29}},"10":{"start":{"line":32,"column":4},"end":{"line":32,"column":22}},"11":{"start":{"line":33,"column":4},"end":{"line":33,"column":52}},"12":{"start":{"line":34,"column":4},"end":{"line":34,"column":59}},"13":{"start":{"line":36,"column":4},"end":{"line":42,"column":79}},"14":{"start":{"line":37,"column":24},"end":{"line":37,"column":39}},"15":{"start":{"line":39,"column":8},"end":{"line":39,"column":34}},"16":{"start":{"line":40,"column":8},"end":{"line":40,"column":55}},"17":{"start":{"line":42,"column":24},"end":{"line":42,"column":77}},"18":{"start":{"line":45,"column":23},"end":{"line":53,"column":3}},"19":{"start":{"line":46,"column":4},"end":{"line":46,"column":30}},"20":{"start":{"line":47,"column":4},"end":{"line":47,"column":22}},"21":{"start":{"line":48,"column":4},"end":{"line":48,"column":21}},"22":{"start":{"line":49,"column":4},"end":{"line":49,"column":20}},"23":{"start":{"line":50,"column":4},"end":{"line":50,"column":47}},"24":{"start":{"line":51,"column":4},"end":{"line":51,"column":40}},"25":{"start":{"line":52,"column":4},"end":{"line":52,"column":37}},"26":{"start":{"line":55,"column":2},"end":{"line":76,"column":4}}},"fnMap":{"0":{"name":"App","decl":{"start":{"line":14,"column":9},"end":{"line":14,"column":12}},"loc":{"start":{"line":14,"column":15},"end":{"line":77,"column":1}},"line":14},"1":{"name":"(anonymous_1)","decl":{"start":{"line":15,"column":57},"end":{"line":15,"column":58}},"loc":{"start":{"line":15,"column":63},"end":{"line":17,"column":3}},"line":15},"2":{"name":"(anonymous_2)","decl":{"start":{"line":19,"column":43},"end":{"line":19,"column":44}},"loc":{"start":{"line":19,"column":49},"end":{"line":22,"column":3}},"line":19},"3":{"name":"(anonymous_3)","decl":{"start":{"line":24,"column":37},"end":{"line":24,"column":38}},"loc":{"start":{"line":24,"column":41},"end":{"line":26,"column":3}},"line":24},"4":{"name":"(anonymous_4)","decl":{"start":{"line":30,"column":22},"end":{"line":30,"column":23}},"loc":{"start":{"line":30,"column":32},"end":{"line":43,"column":3}},"line":30},"5":{"name":"(anonymous_5)","decl":{"start":{"line":37,"column":12},"end":{"line":37,"column":13}},"loc":{"start":{"line":37,"column":24},"end":{"line":37,"column":39}},"line":37},"6":{"name":"(anonymous_6)","decl":{"start":{"line":38,"column":12},"end":{"line":38,"column":13}},"loc":{"start":{"line":38,"column":31},"end":{"line":41,"column":7}},"line":38},"7":{"name":"(anonymous_7)","decl":{"start":{"line":42,"column":13},"end":{"line":42,"column":14}},"loc":{"start":{"line":42,"column":24},"end":{"line":42,"column":77}},"line":42},"8":{"name":"(anonymous_8)","decl":{"start":{"line":45,"column":23},"end":{"line":45,"column":24}},"loc":{"start":{"line":45,"column":29},"end":{"line":53,"column":3}},"line":45}},"branchMap":{"0":{"loc":{"start":{"line":21,"column":11},"end":{"line":21,"column":51}},"type":"cond-expr","locations":[{"start":{"line":21,"column":23},"end":{"line":21,"column":44}},{"start":{"line":21,"column":47},"end":{"line":21,"column":51}}],"line":21},"1":{"loc":{"start":{"line":61,"column":9},"end":{"line":73,"column":9}},"type":"cond-expr","locations":[{"start":{"line":62,"column":10},"end":{"line":70,"column":13}},{"start":{"line":72,"column":10},"end":{"line":72,"column":71}}],"line":61},"2":{"loc":{"start":{"line":66,"column":42},"end":{"line":66,"column":232}},"type":"cond-expr","locations":[{"start":{"line":66,"column":69},"end":{"line":66,"column":197}},{"start":{"line":66,"column":200},"end":{"line":66,"column":232}}],"line":66},"3":{"loc":{"start":{"line":66,"column":42},"end":{"line":66,"column":66}},"type":"binary-expr","locations":[{"start":{"line":66,"column":42},"end":{"line":66,"column":57}},{"start":{"line":66,"column":61},"end":{"line":66,"column":66}}],"line":66}},"s":{"0":5,"1":5,"2":5,"3":5,"4":5,"5":5,"6":5,"7":5,"8":5,"9":0,"10":0,"11":0,"12":0,"13":0,"14":0,"15":0,"16":0,"17":0,"18":5,"19":0,"20":0,"21":0,"22":0,"23":0,"24":0,"25":0,"26":5},"f":{"0":5,"1":5,"2":5,"3":5,"4":0,"5":0,"6":0,"7":0,"8":0},"b":{"0":[3,2],"1":[3,2],"2":[2,1],"3":[3,3]},"_coverageSchema":"1a1c01bbd47fc00a2c39e90264f33305004495a9","hash":"716a4f7b587ad25bbc9a01fd1ca536ed7b194723"}
,"C:\\Users\\Fedex\\OneDrive\\Escritorio\\Tesis\\kingdomPC\\src\\UserContext.js": {"path":"C:\\Users\\Fedex\\OneDrive\\Escritorio\\Tesis\\kingdomPC\\src\\UserContext.js","statementMap":{"0":{"start":{"line":3,"column":20},"end":{"line":3,"column":35}},"1":{"start":{"line":5,"column":28},"end":{"line":13,"column":1}},"2":{"start":{"line":6,"column":28},"end":{"line":6,"column":42}},"3":{"start":{"line":8,"column":4},"end":{"line":12,"column":6}},"4":{"start":{"line":15,"column":23},"end":{"line":15,"column":52}},"5":{"start":{"line":15,"column":29},"end":{"line":15,"column":52}}},"fnMap":{"0":{"name":"(anonymous_0)","decl":{"start":{"line":5,"column":28},"end":{"line":5,"column":29}},"loc":{"start":{"line":5,"column":46},"end":{"line":13,"column":1}},"line":5},"1":{"name":"(anonymous_1)","decl":{"start":{"line":15,"column":23},"end":{"line":15,"column":24}},"loc":{"start":{"line":15,"column":29},"end":{"line":15,"column":52}},"line":15}},"branchMap":{},"s":{"0":0,"1":0,"2":0,"3":0,"4":0,"5":0},"f":{"0":0,"1":0},"b":{}}
,"C:\\Users\\Fedex\\OneDrive\\Escritorio\\Tesis\\kingdomPC\\src\\index.js": {"path":"C:\\Users\\Fedex\\OneDrive\\Escritorio\\Tesis\\kingdomPC\\src\\index.js","statementMap":{"0":{"start":{"line":7,"column":13},"end":{"line":7,"column":65}},"1":{"start":{"line":8,"column":0},"end":{"line":12,"column":2}},"2":{"start":{"line":17,"column":0},"end":{"line":17,"column":18}}},"fnMap":{},"branchMap":{},"s":{"0":0,"1":0,"2":0},"f":{},"b":{}}
,"C:\\Users\\Fedex\\OneDrive\\Escritorio\\Tesis\\kingdomPC\\src\\reportWebVitals.js": {"path":"C:\\Users\\Fedex\\OneDrive\\Escritorio\\Tesis\\kingdomPC\\src\\reportWebVitals.js","statementMap":{"0":{"start":{"line":1,"column":24},"end":{"line":11,"column":1}},"1":{"start":{"line":2,"column":2},"end":{"line":10,"column":3}},"2":{"start":{"line":3,"column":4},"end":{"line":9,"column":7}},"3":{"start":{"line":4,"column":6},"end":{"line":4,"column":26}},"4":{"start":{"line":5,"column":6},"end":{"line":5,"column":26}},"5":{"start":{"line":6,"column":6},"end":{"line":6,"column":26}},"6":{"start":{"line":7,"column":6},"end":{"line":7,"column":26}},"7":{"start":{"line":8,"column":6},"end":{"line":8,"column":27}}},"fnMap":{"0":{"name":"(anonymous_0)","decl":{"start":{"line":1,"column":24},"end":{"line":1,"column":25}},"loc":{"start":{"line":1,"column":39},"end":{"line":11,"column":1}},"line":1},"1":{"name":"(anonymous_1)","decl":{"start":{"line":3,"column":30},"end":{"line":3,"column":31}},"loc":{"start":{"line":3,"column":79},"end":{"line":9,"column":5}},"line":3}},"branchMap":{"0":{"loc":{"start":{"line":2,"column":2},"end":{"line":10,"column":3}},"type":"if","locations":[{"start":{"line":2,"column":2},"end":{"line":10,"column":3}},{"start":{},"end":{}}],"line":2},"1":{"loc":{"start":{"line":2,"column":6},"end":{"line":2,"column":52}},"type":"binary-expr","locations":[{"start":{"line":2,"column":6},"end":{"line":2,"column":17}},{"start":{"line":2,"column":21},"end":{"line":2,"column":52}}],"line":2}},"s":{"0":0,"1":0,"2":0,"3":0,"4":0,"5":0,"6":0,"7":0},"f":{"0":0,"1":0},"b":{"0":[0,0],"1":[0,0]}}
,"C:\\Users\\Fedex\\OneDrive\\Escritorio\\Tesis\\kingdomPC\\src\\components\\ActualizarDatosUser.jsx": {"path":"C:\\Users\\Fedex\\OneDrive\\Escritorio\\Tesis\\kingdomPC\\src\\components\\ActualizarDatosUser.jsx","statementMap":{"0":{"start":{"line":12,"column":18},"end":{"line":12,"column":30}},"1":{"start":{"line":13,"column":34},"end":{"line":13,"column":46}},"2":{"start":{"line":14,"column":50},"end":{"line":14,"column":68}},"3":{"start":{"line":15,"column":36},"end":{"line":31,"column":6}},"4":{"start":{"line":33,"column":30},"end":{"line":39,"column":5}},"5":{"start":{"line":34,"column":32},"end":{"line":34,"column":40}},"6":{"start":{"line":35,"column":8},"end":{"line":38,"column":12}},"7":{"start":{"line":35,"column":29},"end":{"line":38,"column":9}},"8":{"start":{"line":41,"column":30},"end":{"line":121,"column":5}},"9":{"start":{"line":42,"column":8},"end":{"line":120,"column":9}},"10":{"start":{"line":43,"column":12},"end":{"line":43,"column":65}},"11":{"start":{"line":43,"column":32},"end":{"line":43,"column":62}},"12":{"start":{"line":45,"column":12},"end":{"line":52,"column":13}},"13":{"start":{"line":46,"column":16},"end":{"line":48,"column":17}},"14":{"start":{"line":47,"column":20},"end":{"line":47,"column":68}},"15":{"start":{"line":49,"column":16},"end":{"line":51,"column":17}},"16":{"start":{"line":50,"column":20},"end":{"line":50,"column":68}},"17":{"start":{"line":54,"column":31},"end":{"line":70,"column":13}},"18":{"start":{"line":72,"column":29},"end":{"line":78,"column":14}},"19":{"start":{"line":80,"column":12},"end":{"line":82,"column":13}},"20":{"start":{"line":81,"column":16},"end":{"line":81,"column":64}},"21":{"start":{"line":84,"column":12},"end":{"line":88,"column":16}},"22":{"start":{"line":84,"column":40},"end":{"line":88,"column":13}},"23":{"start":{"line":90,"column":12},"end":{"line":93,"column":16}},"24":{"start":{"line":90,"column":33},"end":{"line":93,"column":13}},"25":{"start":{"line":95,"column":12},"end":{"line":101,"column":15}},"26":{"start":{"line":103,"column":12},"end":{"line":110,"column":13}},"27":{"start":{"line":104,"column":16},"end":{"line":109,"column":20}},"28":{"start":{"line":104,"column":37},"end":{"line":109,"column":17}},"29":{"start":{"line":113,"column":12},"end":{"line":119,"column":15}},"30":{"start":{"line":123,"column":4},"end":{"line":382,"column":6}},"31":{"start":{"line":144,"column":47},"end":{"line":144,"column":75}},"32":{"start":{"line":166,"column":47},"end":{"line":166,"column":74}},"33":{"start":{"line":188,"column":47},"end":{"line":188,"column":76}},"34":{"start":{"line":210,"column":47},"end":{"line":210,"column":76}},"35":{"start":{"line":232,"column":47},"end":{"line":232,"column":77}},"36":{"start":{"line":282,"column":51},"end":{"line":282,"column":76}},"37":{"start":{"line":304,"column":51},"end":{"line":304,"column":85}},"38":{"start":{"line":326,"column":51},"end":{"line":326,"column":85}},"39":{"start":{"line":348,"column":51},"end":{"line":348,"column":84}},"40":{"start":{"line":370,"column":51},"end":{"line":370,"column":75}}},"fnMap":{"0":{"name":"ActualizarDatosUser","decl":{"start":{"line":11,"column":24},"end":{"line":11,"column":43}},"loc":{"start":{"line":11,"column":58},"end":{"line":383,"column":1}},"line":11},"1":{"name":"(anonymous_1)","decl":{"start":{"line":33,"column":30},"end":{"line":33,"column":31}},"loc":{"start":{"line":33,"column":37},"end":{"line":39,"column":5}},"line":33},"2":{"name":"(anonymous_2)","decl":{"start":{"line":35,"column":20},"end":{"line":35,"column":21}},"loc":{"start":{"line":35,"column":29},"end":{"line":38,"column":9}},"line":35},"3":{"name":"(anonymous_3)","decl":{"start":{"line":41,"column":30},"end":{"line":41,"column":31}},"loc":{"start":{"line":41,"column":51},"end":{"line":121,"column":5}},"line":41},"4":{"name":"(anonymous_4)","decl":{"start":{"line":43,"column":23},"end":{"line":43,"column":24}},"loc":{"start":{"line":43,"column":32},"end":{"line":43,"column":62}},"line":43},"5":{"name":"(anonymous_5)","decl":{"start":{"line":84,"column":31},"end":{"line":84,"column":32}},"loc":{"start":{"line":84,"column":40},"end":{"line":88,"column":13}},"line":84},"6":{"name":"(anonymous_6)","decl":{"start":{"line":90,"column":24},"end":{"line":90,"column":25}},"loc":{"start":{"line":90,"column":33},"end":{"line":93,"column":13}},"line":90},"7":{"name":"(anonymous_7)","decl":{"start":{"line":104,"column":28},"end":{"line":104,"column":29}},"loc":{"start":{"line":104,"column":37},"end":{"line":109,"column":17}},"line":104},"8":{"name":"(anonymous_8)","decl":{"start":{"line":144,"column":41},"end":{"line":144,"column":42}},"loc":{"start":{"line":144,"column":47},"end":{"line":144,"column":75}},"line":144},"9":{"name":"(anonymous_9)","decl":{"start":{"line":166,"column":41},"end":{"line":166,"column":42}},"loc":{"start":{"line":166,"column":47},"end":{"line":166,"column":74}},"line":166},"10":{"name":"(anonymous_10)","decl":{"start":{"line":188,"column":41},"end":{"line":188,"column":42}},"loc":{"start":{"line":188,"column":47},"end":{"line":188,"column":76}},"line":188},"11":{"name":"(anonymous_11)","decl":{"start":{"line":210,"column":41},"end":{"line":210,"column":42}},"loc":{"start":{"line":210,"column":47},"end":{"line":210,"column":76}},"line":210},"12":{"name":"(anonymous_12)","decl":{"start":{"line":232,"column":41},"end":{"line":232,"column":42}},"loc":{"start":{"line":232,"column":47},"end":{"line":232,"column":77}},"line":232},"13":{"name":"(anonymous_13)","decl":{"start":{"line":282,"column":45},"end":{"line":282,"column":46}},"loc":{"start":{"line":282,"column":51},"end":{"line":282,"column":76}},"line":282},"14":{"name":"(anonymous_14)","decl":{"start":{"line":304,"column":45},"end":{"line":304,"column":46}},"loc":{"start":{"line":304,"column":51},"end":{"line":304,"column":85}},"line":304},"15":{"name":"(anonymous_15)","decl":{"start":{"line":326,"column":45},"end":{"line":326,"column":46}},"loc":{"start":{"line":326,"column":51},"end":{"line":326,"column":85}},"line":326},"16":{"name":"(anonymous_16)","decl":{"start":{"line":348,"column":45},"end":{"line":348,"column":46}},"loc":{"start":{"line":348,"column":51},"end":{"line":348,"column":84}},"line":348},"17":{"name":"(anonymous_17)","decl":{"start":{"line":370,"column":45},"end":{"line":370,"column":46}},"loc":{"start":{"line":370,"column":51},"end":{"line":370,"column":75}},"line":370}},"branchMap":{"0":{"loc":{"start":{"line":16,"column":12},"end":{"line":16,"column":30}},"type":"binary-expr","locations":[{"start":{"line":16,"column":12},"end":{"line":16,"column":24}},{"start":{"line":16,"column":28},"end":{"line":16,"column":30}}],"line":16},"1":{"loc":{"start":{"line":45,"column":12},"end":{"line":52,"column":13}},"type":"if","locations":[{"start":{"line":45,"column":12},"end":{"line":52,"column":13}},{"start":{},"end":{}}],"line":45},"2":{"loc":{"start":{"line":46,"column":16},"end":{"line":48,"column":17}},"type":"if","locations":[{"start":{"line":46,"column":16},"end":{"line":48,"column":17}},{"start":{},"end":{}}],"line":46},"3":{"loc":{"start":{"line":49,"column":16},"end":{"line":51,"column":17}},"type":"if","locations":[{"start":{"line":49,"column":16},"end":{"line":51,"column":17}},{"start":{},"end":{}}],"line":49},"4":{"loc":{"start":{"line":80,"column":12},"end":{"line":82,"column":13}},"type":"if","locations":[{"start":{"line":80,"column":12},"end":{"line":82,"column":13}},{"start":{},"end":{}}],"line":80},"5":{"loc":{"start":{"line":103,"column":12},"end":{"line":110,"column":13}},"type":"if","locations":[{"start":{"line":103,"column":12},"end":{"line":110,"column":13}},{"start":{},"end":{}}],"line":103},"6":{"loc":{"start":{"line":139,"column":45},"end":{"line":139,"column":88}},"type":"binary-expr","locations":[{"start":{"line":139,"column":45},"end":{"line":139,"column":69}},{"start":{"line":139,"column":73},"end":{"line":139,"column":88}}],"line":139},"7":{"loc":{"start":{"line":146,"column":42},"end":{"line":146,"column":108}},"type":"binary-expr","locations":[{"start":{"line":146,"column":42},"end":{"line":146,"column":59}},{"start":{"line":146,"column":63},"end":{"line":146,"column":108}}],"line":146},"8":{"loc":{"start":{"line":161,"column":45},"end":{"line":161,"column":87}},"type":"binary-expr","locations":[{"start":{"line":161,"column":45},"end":{"line":161,"column":68}},{"start":{"line":161,"column":72},"end":{"line":161,"column":87}}],"line":161},"9":{"loc":{"start":{"line":168,"column":42},"end":{"line":168,"column":105}},"type":"binary-expr","locations":[{"start":{"line":168,"column":42},"end":{"line":168,"column":58}},{"start":{"line":168,"column":62},"end":{"line":168,"column":105}}],"line":168},"10":{"loc":{"start":{"line":183,"column":45},"end":{"line":183,"column":89}},"type":"binary-expr","locations":[{"start":{"line":183,"column":45},"end":{"line":183,"column":70}},{"start":{"line":183,"column":74},"end":{"line":183,"column":89}}],"line":183},"11":{"loc":{"start":{"line":190,"column":42},"end":{"line":190,"column":119}},"type":"binary-expr","locations":[{"start":{"line":190,"column":42},"end":{"line":190,"column":60}},{"start":{"line":190,"column":64},"end":{"line":190,"column":119}}],"line":190},"12":{"loc":{"start":{"line":205,"column":45},"end":{"line":205,"column":89}},"type":"binary-expr","locations":[{"start":{"line":205,"column":45},"end":{"line":205,"column":70}},{"start":{"line":205,"column":74},"end":{"line":205,"column":89}}],"line":205},"13":{"loc":{"start":{"line":212,"column":42},"end":{"line":212,"column":111}},"type":"binary-expr","locations":[{"start":{"line":212,"column":42},"end":{"line":212,"column":60}},{"start":{"line":212,"column":64},"end":{"line":212,"column":111}}],"line":212},"14":{"loc":{"start":{"line":227,"column":45},"end":{"line":227,"column":90}},"type":"binary-expr","locations":[{"start":{"line":227,"column":45},"end":{"line":227,"column":71}},{"start":{"line":227,"column":75},"end":{"line":227,"column":90}}],"line":227},"15":{"loc":{"start":{"line":234,"column":42},"end":{"line":234,"column":114}},"type":"binary-expr","locations":[{"start":{"line":234,"column":42},"end":{"line":234,"column":61}},{"start":{"line":234,"column":65},"end":{"line":234,"column":114}}],"line":234},"16":{"loc":{"start":{"line":284,"column":46},"end":{"line":284,"column":107}},"type":"binary-expr","locations":[{"start":{"line":284,"column":46},"end":{"line":284,"column":60}},{"start":{"line":284,"column":64},"end":{"line":284,"column":82}},{"start":{"line":284,"column":86},"end":{"line":284,"column":107}}],"line":284},"17":{"loc":{"start":{"line":299,"column":49},"end":{"line":299,"column":98}},"type":"binary-expr","locations":[{"start":{"line":299,"column":49},"end":{"line":299,"column":79}},{"start":{"line":299,"column":83},"end":{"line":299,"column":98}}],"line":299},"18":{"loc":{"start":{"line":306,"column":46},"end":{"line":306,"column":130}},"type":"binary-expr","locations":[{"start":{"line":306,"column":46},"end":{"line":306,"column":69}},{"start":{"line":306,"column":73},"end":{"line":306,"column":130}}],"line":306},"19":{"loc":{"start":{"line":321,"column":49},"end":{"line":321,"column":98}},"type":"binary-expr","locations":[{"start":{"line":321,"column":49},"end":{"line":321,"column":79}},{"start":{"line":321,"column":83},"end":{"line":321,"column":98}}],"line":321},"20":{"loc":{"start":{"line":328,"column":46},"end":{"line":328,"column":130}},"type":"binary-expr","locations":[{"start":{"line":328,"column":46},"end":{"line":328,"column":69}},{"start":{"line":328,"column":73},"end":{"line":328,"column":130}}],"line":328},"21":{"loc":{"start":{"line":343,"column":49},"end":{"line":343,"column":97}},"type":"binary-expr","locations":[{"start":{"line":343,"column":49},"end":{"line":343,"column":78}},{"start":{"line":343,"column":82},"end":{"line":343,"column":97}}],"line":343},"22":{"loc":{"start":{"line":350,"column":46},"end":{"line":350,"column":127}},"type":"binary-expr","locations":[{"start":{"line":350,"column":46},"end":{"line":350,"column":68}},{"start":{"line":350,"column":72},"end":{"line":350,"column":127}}],"line":350},"23":{"loc":{"start":{"line":365,"column":49},"end":{"line":365,"column":88}},"type":"binary-expr","locations":[{"start":{"line":365,"column":49},"end":{"line":365,"column":69}},{"start":{"line":365,"column":73},"end":{"line":365,"column":88}}],"line":365},"24":{"loc":{"start":{"line":372,"column":46},"end":{"line":372,"column":100}},"type":"binary-expr","locations":[{"start":{"line":372,"column":46},"end":{"line":372,"column":59}},{"start":{"line":372,"column":63},"end":{"line":372,"column":100}}],"line":372}},"s":{"0":0,"1":0,"2":0,"3":0,"4":0,"5":0,"6":0,"7":0,"8":0,"9":0,"10":0,"11":0,"12":0,"13":0,"14":0,"15":0,"16":0,"17":0,"18":0,"19":0,"20":0,"21":0,"22":0,"23":0,"24":0,"25":0,"26":0,"27":0,"28":0,"29":0,"30":0,"31":0,"32":0,"33":0,"34":0,"35":0,"36":0,"37":0,"38":0,"39":0,"40":0},"f":{"0":0,"1":0,"2":0,"3":0,"4":0,"5":0,"6":0,"7":0,"8":0,"9":0,"10":0,"11":0,"12":0,"13":0,"14":0,"15":0,"16":0,"17":0},"b":{"0":[0,0],"1":[0,0],"2":[0,0],"3":[0,0],"4":[0,0],"5":[0,0],"6":[0,0],"7":[0,0],"8":[0,0],"9":[0,0],"10":[0,0],"11":[0,0],"12":[0,0],"13":[0,0],"14":[0,0],"15":[0,0],"16":[0,0,0],"17":[0,0],"18":[0,0],"19":[0,0],"20":[0,0],"21":[0,0],"22":[0,0],"23":[0,0],"24":[0,0]}}
,"C:\\Users\\Fedex\\OneDrive\\Escritorio\\Tesis\\kingdomPC\\src\\components\\Addproduct.jsx": {"path":"C:\\Users\\Fedex\\OneDrive\\Escritorio\\Tesis\\kingdomPC\\src\\components\\Addproduct.jsx","statementMap":{"0":{"start":{"line":9,"column":19},"end":{"line":157,"column":1}},"1":{"start":{"line":10,"column":30},"end":{"line":10,"column":42}},"2":{"start":{"line":11,"column":40},"end":{"line":11,"column":52}},"3":{"start":{"line":12,"column":30},"end":{"line":12,"column":44}},"4":{"start":{"line":13,"column":36},"end":{"line":13,"column":48}},"5":{"start":{"line":14,"column":36},"end":{"line":14,"column":50}},"6":{"start":{"line":15,"column":16},"end":{"line":15,"column":34}},"7":{"start":{"line":17,"column":19},"end":{"line":30,"column":1}},"8":{"start":{"line":32,"column":23},"end":{"line":89,"column":3}},"9":{"start":{"line":33,"column":4},"end":{"line":41,"column":5}},"10":{"start":{"line":34,"column":6},"end":{"line":39,"column":9}},"11":{"start":{"line":40,"column":6},"end":{"line":40,"column":13}},"12":{"start":{"line":43,"column":26},"end":{"line":49,"column":5}},"13":{"start":{"line":51,"column":4},"end":{"line":88,"column":5}},"14":{"start":{"line":52,"column":23},"end":{"line":61,"column":7}},"15":{"start":{"line":63,"column":6},"end":{"line":65,"column":7}},"16":{"start":{"line":64,"column":8},"end":{"line":64,"column":100}},"17":{"start":{"line":67,"column":6},"end":{"line":72,"column":9}},"18":{"start":{"line":75,"column":6},"end":{"line":75,"column":20}},"19":{"start":{"line":76,"column":6},"end":{"line":76,"column":25}},"20":{"start":{"line":77,"column":6},"end":{"line":77,"column":22}},"21":{"start":{"line":78,"column":6},"end":{"line":78,"column":23}},"22":{"start":{"line":79,"column":6},"end":{"line":79,"column":25}},"23":{"start":{"line":80,"column":6},"end":{"line":80,"column":16}},"24":{"start":{"line":82,"column":6},"end":{"line":87,"column":9}},"25":{"start":{"line":91,"column":2},"end":{"line":156,"column":4}},"26":{"start":{"line":100,"column":29},"end":{"line":100,"column":54}},"27":{"start":{"line":109,"column":29},"end":{"line":109,"column":59}},"28":{"start":{"line":117,"column":34},"end":{"line":117,"column":52}},"29":{"start":{"line":129,"column":29},"end":{"line":129,"column":50}},"30":{"start":{"line":137,"column":29},"end":{"line":137,"column":57}}},"fnMap":{"0":{"name":"(anonymous_0)","decl":{"start":{"line":9,"column":19},"end":{"line":9,"column":20}},"loc":{"start":{"line":9,"column":44},"end":{"line":157,"column":1}},"line":9},"1":{"name":"(anonymous_1)","decl":{"start":{"line":32,"column":23},"end":{"line":32,"column":24}},"loc":{"start":{"line":32,"column":35},"end":{"line":89,"column":3}},"line":32},"2":{"name":"(anonymous_2)","decl":{"start":{"line":100,"column":22},"end":{"line":100,"column":23}},"loc":{"start":{"line":100,"column":29},"end":{"line":100,"column":54}},"line":100},"3":{"name":"(anonymous_3)","decl":{"start":{"line":109,"column":22},"end":{"line":109,"column":23}},"loc":{"start":{"line":109,"column":29},"end":{"line":109,"column":59}},"line":109},"4":{"name":"(anonymous_4)","decl":{"start":{"line":117,"column":27},"end":{"line":117,"column":28}},"loc":{"start":{"line":117,"column":34},"end":{"line":117,"column":52}},"line":117},"5":{"name":"(anonymous_5)","decl":{"start":{"line":129,"column":22},"end":{"line":129,"column":23}},"loc":{"start":{"line":129,"column":29},"end":{"line":129,"column":50}},"line":129},"6":{"name":"(anonymous_6)","decl":{"start":{"line":137,"column":22},"end":{"line":137,"column":23}},"loc":{"start":{"line":137,"column":29},"end":{"line":137,"column":57}},"line":137}},"branchMap":{"0":{"loc":{"start":{"line":33,"column":4},"end":{"line":41,"column":5}},"type":"if","locations":[{"start":{"line":33,"column":4},"end":{"line":41,"column":5}},{"start":{},"end":{}}],"line":33},"1":{"loc":{"start":{"line":33,"column":8},"end":{"line":33,"column":70}},"type":"binary-expr","locations":[{"start":{"line":33,"column":8},"end":{"line":33,"column":15}},{"start":{"line":33,"column":19},"end":{"line":33,"column":31}},{"start":{"line":33,"column":35},"end":{"line":33,"column":42}},{"start":{"line":33,"column":46},"end":{"line":33,"column":56}},{"start":{"line":33,"column":60},"end":{"line":33,"column":70}}],"line":33},"2":{"loc":{"start":{"line":63,"column":6},"end":{"line":65,"column":7}},"type":"if","locations":[{"start":{"line":63,"column":6},"end":{"line":65,"column":7}},{"start":{},"end":{}}],"line":63}},"s":{"0":2,"1":11,"2":11,"3":11,"4":11,"5":11,"6":11,"7":11,"8":11,"9":2,"10":2,"11":2,"12":0,"13":0,"14":0,"15":0,"16":0,"17":0,"18":0,"19":0,"20":0,"21":0,"22":0,"23":0,"24":0,"25":11,"26":1,"27":1,"28":0,"29":0,"30":1},"f":{"0":11,"1":2,"2":1,"3":1,"4":0,"5":0,"6":1},"b":{"0":[2,0],"1":[2,0,0,0,0],"2":[0,0]},"_coverageSchema":"1a1c01bbd47fc00a2c39e90264f33305004495a9","hash":"6c31cc78af91c885dfe8d46893e03024523233ef"}
,"C:\\Users\\Fedex\\OneDrive\\Escritorio\\Tesis\\kingdomPC\\src\\components\\Adminview.jsx": {"path":"C:\\Users\\Fedex\\OneDrive\\Escritorio\\Tesis\\kingdomPC\\src\\components\\Adminview.jsx","statementMap":{"0":{"start":{"line":11,"column":52},"end":{"line":11,"column":67}},"1":{"start":{"line":12,"column":58},"end":{"line":12,"column":73}},"2":{"start":{"line":13,"column":58},"end":{"line":13,"column":73}},"3":{"start":{"line":14,"column":58},"end":{"line":14,"column":73}},"4":{"start":{"line":15,"column":18},"end":{"line":15,"column":30}},"5":{"start":{"line":17,"column":23},"end":{"line":34,"column":5}},"6":{"start":{"line":18,"column":8},"end":{"line":33,"column":9}},"7":{"start":{"line":20,"column":16},"end":{"line":20,"column":42}},"8":{"start":{"line":21,"column":16},"end":{"line":21,"column":22}},"9":{"start":{"line":23,"column":16},"end":{"line":23,"column":45}},"10":{"start":{"line":24,"column":16},"end":{"line":24,"column":22}},"11":{"start":{"line":26,"column":16},"end":{"line":26,"column":45}},"12":{"start":{"line":27,"column":16},"end":{"line":27,"column":22}},"13":{"start":{"line":29,"column":16},"end":{"line":29,"column":45}},"14":{"start":{"line":30,"column":16},"end":{"line":30,"column":22}},"15":{"start":{"line":32,"column":16},"end":{"line":32,"column":22}},"16":{"start":{"line":36,"column":24},"end":{"line":41,"column":5}},"17":{"start":{"line":37,"column":8},"end":{"line":37,"column":35}},"18":{"start":{"line":38,"column":8},"end":{"line":38,"column":38}},"19":{"start":{"line":39,"column":8},"end":{"line":39,"column":38}},"20":{"start":{"line":40,"column":8},"end":{"line":40,"column":38}},"21":{"start":{"line":43,"column":18},"end":{"line":64,"column":5}},"22":{"start":{"line":47,"column":27},"end":{"line":47,"column":44}},"23":{"start":{"line":52,"column":27},"end":{"line":52,"column":47}},"24":{"start":{"line":57,"column":27},"end":{"line":57,"column":47}},"25":{"start":{"line":62,"column":27},"end":{"line":62,"column":47}},"26":{"start":{"line":66,"column":4},"end":{"line":132,"column":6}}},"fnMap":{"0":{"name":"AdminMenu","decl":{"start":{"line":10,"column":24},"end":{"line":10,"column":33}},"loc":{"start":{"line":10,"column":48},"end":{"line":133,"column":1}},"line":10},"1":{"name":"(anonymous_1)","decl":{"start":{"line":17,"column":23},"end":{"line":17,"column":24}},"loc":{"start":{"line":17,"column":39},"end":{"line":34,"column":5}},"line":17},"2":{"name":"(anonymous_2)","decl":{"start":{"line":36,"column":24},"end":{"line":36,"column":25}},"loc":{"start":{"line":36,"column":30},"end":{"line":41,"column":5}},"line":36},"3":{"name":"(anonymous_3)","decl":{"start":{"line":47,"column":21},"end":{"line":47,"column":22}},"loc":{"start":{"line":47,"column":27},"end":{"line":47,"column":44}},"line":47},"4":{"name":"(anonymous_4)","decl":{"start":{"line":52,"column":21},"end":{"line":52,"column":22}},"loc":{"start":{"line":52,"column":27},"end":{"line":52,"column":47}},"line":52},"5":{"name":"(anonymous_5)","decl":{"start":{"line":57,"column":21},"end":{"line":57,"column":22}},"loc":{"start":{"line":57,"column":27},"end":{"line":57,"column":47}},"line":57},"6":{"name":"(anonymous_6)","decl":{"start":{"line":62,"column":21},"end":{"line":62,"column":22}},"loc":{"start":{"line":62,"column":27},"end":{"line":62,"column":47}},"line":62}},"branchMap":{"0":{"loc":{"start":{"line":18,"column":8},"end":{"line":33,"column":9}},"type":"switch","locations":[{"start":{"line":19,"column":12},"end":{"line":21,"column":22}},{"start":{"line":22,"column":12},"end":{"line":24,"column":22}},{"start":{"line":25,"column":12},"end":{"line":27,"column":22}},{"start":{"line":28,"column":12},"end":{"line":30,"column":22}},{"start":{"line":31,"column":12},"end":{"line":32,"column":22}}],"line":18}},"s":{"0":10,"1":10,"2":10,"3":10,"4":10,"5":10,"6":4,"7":1,"8":1,"9":1,"10":1,"11":1,"12":1,"13":1,"14":1,"15":0,"16":10,"17":0,"18":0,"19":0,"20":0,"21":10,"22":1,"23":1,"24":1,"25":1,"26":10},"f":{"0":10,"1":4,"2":0,"3":1,"4":1,"5":1,"6":1},"b":{"0":[1,1,1,1,0]},"_coverageSchema":"1a1c01bbd47fc00a2c39e90264f33305004495a9","hash":"3ec884786caead4d21a08626479fa34f92a76a3e"}
,"C:\\Users\\Fedex\\OneDrive\\Escritorio\\Tesis\\kingdomPC\\src\\components\\Cart.jsx": {"path":"C:\\Users\\Fedex\\OneDrive\\Escritorio\\Tesis\\kingdomPC\\src\\components\\Cart.jsx","statementMap":{"0":{"start":{"line":9,"column":38},"end":{"line":9,"column":50}},"1":{"start":{"line":10,"column":18},"end":{"line":10,"column":30}},"2":{"start":{"line":11,"column":21},"end":{"line":11,"column":34}},"3":{"start":{"line":13,"column":27},"end":{"line":39,"column":21}},"4":{"start":{"line":14,"column":8},"end":{"line":38,"column":9}},"5":{"start":{"line":15,"column":29},"end":{"line":15,"column":82}},"6":{"start":{"line":17,"column":12},"end":{"line":19,"column":13}},"7":{"start":{"line":18,"column":16},"end":{"line":18,"column":62}},"8":{"start":{"line":21,"column":26},"end":{"line":21,"column":47}},"9":{"start":{"line":22,"column":32},"end":{"line":22,"column":75}},"10":{"start":{"line":22,"column":51},"end":{"line":22,"column":74}},"11":{"start":{"line":24,"column":12},"end":{"line":28,"column":13}},"12":{"start":{"line":25,"column":16},"end":{"line":25,"column":53}},"13":{"start":{"line":27,"column":16},"end":{"line":27,"column":33}},"14":{"start":{"line":31,"column":12},"end":{"line":31,"column":43}},"15":{"start":{"line":32,"column":12},"end":{"line":37,"column":15}},"16":{"start":{"line":41,"column":4},"end":{"line":45,"column":35}},"17":{"start":{"line":42,"column":8},"end":{"line":44,"column":9}},"18":{"start":{"line":43,"column":12},"end":{"line":43,"column":29}},"19":{"start":{"line":47,"column":23},"end":{"line":83,"column":5}},"20":{"start":{"line":48,"column":8},"end":{"line":51,"column":9}},"21":{"start":{"line":49,"column":12},"end":{"line":49,"column":71}},"22":{"start":{"line":50,"column":12},"end":{"line":50,"column":19}},"23":{"start":{"line":53,"column":8},"end":{"line":82,"column":9}},"24":{"start":{"line":54,"column":29},"end":{"line":59,"column":14}},"25":{"start":{"line":61,"column":12},"end":{"line":63,"column":13}},"26":{"start":{"line":62,"column":16},"end":{"line":62,"column":61}},"27":{"start":{"line":65,"column":12},"end":{"line":70,"column":15}},"28":{"start":{"line":72,"column":12},"end":{"line":72,"column":29}},"29":{"start":{"line":75,"column":12},"end":{"line":75,"column":43}},"30":{"start":{"line":76,"column":12},"end":{"line":81,"column":15}},"31":{"start":{"line":85,"column":27},"end":{"line":93,"column":5}},"32":{"start":{"line":86,"column":8},"end":{"line":86,"column":59}},"33":{"start":{"line":86,"column":50},"end":{"line":86,"column":59}},"34":{"start":{"line":88,"column":8},"end":{"line":92,"column":14}},"35":{"start":{"line":89,"column":27},"end":{"line":89,"column":53}},"36":{"start":{"line":90,"column":29},"end":{"line":90,"column":47}},"37":{"start":{"line":91,"column":12},"end":{"line":91,"column":47}},"38":{"start":{"line":95,"column":26},"end":{"line":136,"column":5}},"39":{"start":{"line":96,"column":8},"end":{"line":135,"column":9}},"40":{"start":{"line":97,"column":12},"end":{"line":105,"column":13}},"41":{"start":{"line":98,"column":16},"end":{"line":103,"column":19}},"42":{"start":{"line":104,"column":16},"end":{"line":104,"column":23}},"43":{"start":{"line":107,"column":29},"end":{"line":112,"column":14}},"44":{"start":{"line":114,"column":12},"end":{"line":116,"column":13}},"45":{"start":{"line":115,"column":16},"end":{"line":115,"column":61}},"46":{"start":{"line":118,"column":12},"end":{"line":123,"column":15}},"47":{"start":{"line":125,"column":12},"end":{"line":125,"column":29}},"48":{"start":{"line":128,"column":12},"end":{"line":128,"column":43}},"49":{"start":{"line":129,"column":12},"end":{"line":134,"column":15}},"50":{"start":{"line":138,"column":4},"end":{"line":220,"column":6}},"51":{"start":{"line":151,"column":43},"end":{"line":151,"column":60}},"52":{"start":{"line":160,"column":28},"end":{"line":189,"column":35}},"53":{"start":{"line":167,"column":44},"end":{"line":167,"column":68}},"54":{"start":{"line":168,"column":44},"end":{"line":168,"column":76}},"55":{"start":{"line":184,"column":59},"end":{"line":184,"column":97}}},"fnMap":{"0":{"name":"Cart","decl":{"start":{"line":8,"column":9},"end":{"line":8,"column":13}},"loc":{"start":{"line":8,"column":28},"end":{"line":221,"column":1}},"line":8},"1":{"name":"(anonymous_1)","decl":{"start":{"line":13,"column":39},"end":{"line":13,"column":40}},"loc":{"start":{"line":13,"column":51},"end":{"line":39,"column":5}},"line":13},"2":{"name":"(anonymous_2)","decl":{"start":{"line":22,"column":43},"end":{"line":22,"column":44}},"loc":{"start":{"line":22,"column":51},"end":{"line":22,"column":74}},"line":22},"3":{"name":"(anonymous_3)","decl":{"start":{"line":41,"column":14},"end":{"line":41,"column":15}},"loc":{"start":{"line":41,"column":20},"end":{"line":45,"column":5}},"line":41},"4":{"name":"(anonymous_4)","decl":{"start":{"line":47,"column":23},"end":{"line":47,"column":24}},"loc":{"start":{"line":47,"column":49},"end":{"line":83,"column":5}},"line":47},"5":{"name":"(anonymous_5)","decl":{"start":{"line":85,"column":27},"end":{"line":85,"column":28}},"loc":{"start":{"line":85,"column":33},"end":{"line":93,"column":5}},"line":85},"6":{"name":"(anonymous_6)","decl":{"start":{"line":88,"column":32},"end":{"line":88,"column":33}},"loc":{"start":{"line":88,"column":49},"end":{"line":92,"column":9}},"line":88},"7":{"name":"(anonymous_7)","decl":{"start":{"line":95,"column":26},"end":{"line":95,"column":27}},"loc":{"start":{"line":95,"column":38},"end":{"line":136,"column":5}},"line":95},"8":{"name":"(anonymous_8)","decl":{"start":{"line":151,"column":37},"end":{"line":151,"column":38}},"loc":{"start":{"line":151,"column":43},"end":{"line":151,"column":60}},"line":151},"9":{"name":"(anonymous_9)","decl":{"start":{"line":159,"column":39},"end":{"line":159,"column":40}},"loc":{"start":{"line":160,"column":28},"end":{"line":189,"column":35}},"line":160},"10":{"name":"(anonymous_10)","decl":{"start":{"line":166,"column":49},"end":{"line":166,"column":50}},"loc":{"start":{"line":166,"column":56},"end":{"line":169,"column":41}},"line":166},"11":{"name":"(anonymous_11)","decl":{"start":{"line":184,"column":53},"end":{"line":184,"column":54}},"loc":{"start":{"line":184,"column":59},"end":{"line":184,"column":97}},"line":184}},"branchMap":{"0":{"loc":{"start":{"line":17,"column":12},"end":{"line":19,"column":13}},"type":"if","locations":[{"start":{"line":17,"column":12},"end":{"line":19,"column":13}},{"start":{},"end":{}}],"line":17},"1":{"loc":{"start":{"line":24,"column":12},"end":{"line":28,"column":13}},"type":"if","locations":[{"start":{"line":24,"column":12},"end":{"line":28,"column":13}},{"start":{"line":26,"column":19},"end":{"line":28,"column":13}}],"line":24},"2":{"loc":{"start":{"line":24,"column":16},"end":{"line":24,"column":73}},"type":"binary-expr","locations":[{"start":{"line":24,"column":16},"end":{"line":24,"column":27}},{"start":{"line":24,"column":31},"end":{"line":24,"column":47}},{"start":{"line":24,"column":51},"end":{"line":24,"column":73}}],"line":24},"3":{"loc":{"start":{"line":42,"column":8},"end":{"line":44,"column":9}},"type":"if","locations":[{"start":{"line":42,"column":8},"end":{"line":44,"column":9}},{"start":{},"end":{}}],"line":42},"4":{"loc":{"start":{"line":48,"column":8},"end":{"line":51,"column":9}},"type":"if","locations":[{"start":{"line":48,"column":8},"end":{"line":51,"column":9}},{"start":{},"end":{}}],"line":48},"5":{"loc":{"start":{"line":61,"column":12},"end":{"line":63,"column":13}},"type":"if","locations":[{"start":{"line":61,"column":12},"end":{"line":63,"column":13}},{"start":{},"end":{}}],"line":61},"6":{"loc":{"start":{"line":86,"column":8},"end":{"line":86,"column":59}},"type":"if","locations":[{"start":{"line":86,"column":8},"end":{"line":86,"column":59}},{"start":{},"end":{}}],"line":86},"7":{"loc":{"start":{"line":86,"column":12},"end":{"line":86,"column":48}},"type":"binary-expr","locations":[{"start":{"line":86,"column":12},"end":{"line":86,"column":22}},{"start":{"line":86,"column":26},"end":{"line":86,"column":48}}],"line":86},"8":{"loc":{"start":{"line":89,"column":27},"end":{"line":89,"column":53}},"type":"binary-expr","locations":[{"start":{"line":89,"column":27},"end":{"line":89,"column":48}},{"start":{"line":89,"column":52},"end":{"line":89,"column":53}}],"line":89},"9":{"loc":{"start":{"line":90,"column":29},"end":{"line":90,"column":47}},"type":"binary-expr","locations":[{"start":{"line":90,"column":29},"end":{"line":90,"column":42}},{"start":{"line":90,"column":46},"end":{"line":90,"column":47}}],"line":90},"10":{"loc":{"start":{"line":97,"column":12},"end":{"line":105,"column":13}},"type":"if","locations":[{"start":{"line":97,"column":12},"end":{"line":105,"column":13}},{"start":{},"end":{}}],"line":97},"11":{"loc":{"start":{"line":114,"column":12},"end":{"line":116,"column":13}},"type":"if","locations":[{"start":{"line":114,"column":12},"end":{"line":116,"column":13}},{"start":{},"end":{}}],"line":114},"12":{"loc":{"start":{"line":143,"column":13},"end":{"line":218,"column":13}},"type":"cond-expr","locations":[{"start":{"line":144,"column":16},"end":{"line":155,"column":23}},{"start":{"line":157,"column":16},"end":{"line":217,"column":22}}],"line":143}},"s":{"0":5,"1":5,"2":5,"3":5,"4":5,"5":5,"6":5,"7":0,"8":0,"9":0,"10":0,"11":0,"12":0,"13":0,"14":5,"15":5,"16":5,"17":5,"18":5,"19":5,"20":0,"21":0,"22":0,"23":0,"24":0,"25":0,"26":0,"27":0,"28":0,"29":0,"30":0,"31":5,"32":0,"33":0,"34":0,"35":0,"36":0,"37":0,"38":5,"39":0,"40":0,"41":0,"42":0,"43":0,"44":0,"45":0,"46":0,"47":0,"48":0,"49":0,"50":5,"51":0,"52":0,"53":0,"54":0,"55":0},"f":{"0":5,"1":5,"2":0,"3":5,"4":0,"5":0,"6":0,"7":0,"8":0,"9":0,"10":0,"11":0},"b":{"0":[0,0],"1":[0,0],"2":[0,0,0],"3":[5,0],"4":[0,0],"5":[0,0],"6":[0,0],"7":[0,0],"8":[0,0],"9":[0,0],"10":[0,0],"11":[0,0],"12":[5,0]},"_coverageSchema":"1a1c01bbd47fc00a2c39e90264f33305004495a9","hash":"46930602cc8263b7538c84deb63a10c4727cdd25"}
,"C:\\Users\\Fedex\\OneDrive\\Escritorio\\Tesis\\kingdomPC\\src\\components\\Deleteproduct.jsx": {"path":"C:\\Users\\Fedex\\OneDrive\\Escritorio\\Tesis\\kingdomPC\\src\\components\\Deleteproduct.jsx","statementMap":{"0":{"start":{"line":7,"column":38},"end":{"line":7,"column":50}},"1":{"start":{"line":9,"column":4},"end":{"line":21,"column":16}},"2":{"start":{"line":10,"column":8},"end":{"line":20,"column":15}},"3":{"start":{"line":11,"column":32},"end":{"line":11,"column":47}},"4":{"start":{"line":12,"column":28},"end":{"line":12,"column":46}},"5":{"start":{"line":14,"column":16},"end":{"line":19,"column":19}},"6":{"start":{"line":23,"column":25},"end":{"line":54,"column":5}},"7":{"start":{"line":24,"column":8},"end":{"line":53,"column":15}},"8":{"start":{"line":28,"column":16},"end":{"line":44,"column":17}},"9":{"start":{"line":29,"column":20},"end":{"line":34,"column":23}},"10":{"start":{"line":36,"column":20},"end":{"line":36,"column":93}},"11":{"start":{"line":36,"column":64},"end":{"line":36,"column":90}},"12":{"start":{"line":38,"column":20},"end":{"line":43,"column":23}},"13":{"start":{"line":47,"column":16},"end":{"line":52,"column":19}},"14":{"start":{"line":56,"column":33},"end":{"line":65,"column":5}},"15":{"start":{"line":57,"column":8},"end":{"line":64,"column":10}},"16":{"start":{"line":62,"column":31},"end":{"line":62,"column":55}},"17":{"start":{"line":67,"column":4},"end":{"line":83,"column":6}}},"fnMap":{"0":{"name":"DeleteProducto","decl":{"start":{"line":6,"column":24},"end":{"line":6,"column":38}},"loc":{"start":{"line":6,"column":67},"end":{"line":84,"column":1}},"line":6},"1":{"name":"(anonymous_1)","decl":{"start":{"line":9,"column":14},"end":{"line":9,"column":15}},"loc":{"start":{"line":9,"column":20},"end":{"line":21,"column":5}},"line":9},"2":{"name":"(anonymous_2)","decl":{"start":{"line":11,"column":18},"end":{"line":11,"column":19}},"loc":{"start":{"line":11,"column":32},"end":{"line":11,"column":47}},"line":11},"3":{"name":"(anonymous_3)","decl":{"start":{"line":12,"column":18},"end":{"line":12,"column":19}},"loc":{"start":{"line":12,"column":28},"end":{"line":12,"column":46}},"line":12},"4":{"name":"(anonymous_4)","decl":{"start":{"line":13,"column":19},"end":{"line":13,"column":20}},"loc":{"start":{"line":13,"column":30},"end":{"line":20,"column":13}},"line":13},"5":{"name":"(anonymous_5)","decl":{"start":{"line":23,"column":25},"end":{"line":23,"column":26}},"loc":{"start":{"line":23,"column":41},"end":{"line":54,"column":5}},"line":23},"6":{"name":"(anonymous_6)","decl":{"start":{"line":27,"column":18},"end":{"line":27,"column":19}},"loc":{"start":{"line":27,"column":32},"end":{"line":45,"column":13}},"line":27},"7":{"name":"(anonymous_7)","decl":{"start":{"line":36,"column":50},"end":{"line":36,"column":51}},"loc":{"start":{"line":36,"column":64},"end":{"line":36,"column":90}},"line":36},"8":{"name":"(anonymous_8)","decl":{"start":{"line":46,"column":19},"end":{"line":46,"column":20}},"loc":{"start":{"line":46,"column":30},"end":{"line":53,"column":13}},"line":46},"9":{"name":"(anonymous_9)","decl":{"start":{"line":56,"column":33},"end":{"line":56,"column":34}},"loc":{"start":{"line":56,"column":46},"end":{"line":65,"column":5}},"line":56},"10":{"name":"(anonymous_10)","decl":{"start":{"line":62,"column":25},"end":{"line":62,"column":26}},"loc":{"start":{"line":62,"column":31},"end":{"line":62,"column":55}},"line":62}},"branchMap":{"0":{"loc":{"start":{"line":28,"column":16},"end":{"line":44,"column":17}},"type":"if","locations":[{"start":{"line":28,"column":16},"end":{"line":44,"column":17}},{"start":{"line":37,"column":23},"end":{"line":44,"column":17}}],"line":28}},"s":{"0":8,"1":8,"2":5,"3":5,"4":5,"5":0,"6":8,"7":0,"8":0,"9":0,"10":0,"11":0,"12":0,"13":0,"14":8,"15":6,"16":0,"17":8},"f":{"0":8,"1":5,"2":5,"3":5,"4":0,"5":0,"6":0,"7":0,"8":0,"9":6,"10":0},"b":{"0":[0,0]},"_coverageSchema":"1a1c01bbd47fc00a2c39e90264f33305004495a9","hash":"e2e7a8c718649cb7f4685a8e154ecc870043f2e2"}
,"C:\\Users\\Fedex\\OneDrive\\Escritorio\\Tesis\\kingdomPC\\src\\components\\Home.jsx": {"path":"C:\\Users\\Fedex\\OneDrive\\Escritorio\\Tesis\\kingdomPC\\src\\components\\Home.jsx","statementMap":{"0":{"start":{"line":10,"column":18},"end":{"line":10,"column":30}},"1":{"start":{"line":11,"column":52},"end":{"line":11,"column":64}},"2":{"start":{"line":12,"column":40},"end":{"line":12,"column":52}},"3":{"start":{"line":13,"column":50},"end":{"line":13,"column":64}},"4":{"start":{"line":14,"column":46},"end":{"line":14,"column":61}},"5":{"start":{"line":16,"column":23},"end":{"line":29,"column":5}},"6":{"start":{"line":31,"column":4},"end":{"line":54,"column":11}},"7":{"start":{"line":32,"column":31},"end":{"line":51,"column":9}},"8":{"start":{"line":33,"column":12},"end":{"line":50,"column":13}},"9":{"start":{"line":34,"column":33},"end":{"line":34,"column":87}},"10":{"start":{"line":35,"column":29},"end":{"line":35,"column":50}},"11":{"start":{"line":37,"column":16},"end":{"line":47,"column":17}},"12":{"start":{"line":38,"column":37},"end":{"line":38,"column":73}},"13":{"start":{"line":38,"column":53},"end":{"line":38,"column":72}},"14":{"start":{"line":39,"column":37},"end":{"line":39,"column":57}},"15":{"start":{"line":41,"column":46},"end":{"line":41,"column":48}},"16":{"start":{"line":42,"column":20},"end":{"line":44,"column":23}},"17":{"start":{"line":43,"column":24},"end":{"line":43,"column":59}},"18":{"start":{"line":45,"column":20},"end":{"line":45,"column":53}},"19":{"start":{"line":46,"column":20},"end":{"line":46,"column":50}},"20":{"start":{"line":49,"column":16},"end":{"line":49,"column":47}},"21":{"start":{"line":53,"column":8},"end":{"line":53,"column":25}},"22":{"start":{"line":56,"column":33},"end":{"line":61,"column":5}},"23":{"start":{"line":57,"column":8},"end":{"line":60,"column":12}},"24":{"start":{"line":57,"column":31},"end":{"line":60,"column":9}},"25":{"start":{"line":63,"column":30},"end":{"line":81,"column":5}},"26":{"start":{"line":64,"column":8},"end":{"line":80,"column":9}},"27":{"start":{"line":65,"column":29},"end":{"line":65,"column":82}},"28":{"start":{"line":66,"column":12},"end":{"line":68,"column":13}},"29":{"start":{"line":67,"column":16},"end":{"line":67,"column":65}},"30":{"start":{"line":70,"column":26},"end":{"line":70,"column":47}},"31":{"start":{"line":71,"column":32},"end":{"line":71,"column":75}},"32":{"start":{"line":71,"column":51},"end":{"line":71,"column":74}},"33":{"start":{"line":73,"column":12},"end":{"line":75,"column":13}},"34":{"start":{"line":74,"column":16},"end":{"line":74,"column":92}},"35":{"start":{"line":74,"column":59},"end":{"line":74,"column":90}},"36":{"start":{"line":76,"column":12},"end":{"line":76,"column":25}},"37":{"start":{"line":78,"column":12},"end":{"line":78,"column":67}},"38":{"start":{"line":79,"column":12},"end":{"line":79,"column":25}},"39":{"start":{"line":83,"column":22},"end":{"line":138,"column":5}},"40":{"start":{"line":84,"column":8},"end":{"line":92,"column":9}},"41":{"start":{"line":85,"column":12},"end":{"line":90,"column":15}},"42":{"start":{"line":91,"column":12},"end":{"line":91,"column":19}},"43":{"start":{"line":94,"column":25},"end":{"line":94,"column":60}},"44":{"start":{"line":95,"column":8},"end":{"line":103,"column":9}},"45":{"start":{"line":96,"column":12},"end":{"line":101,"column":15}},"46":{"start":{"line":102,"column":12},"end":{"line":102,"column":19}},"47":{"start":{"line":105,"column":8},"end":{"line":137,"column":9}},"48":{"start":{"line":106,"column":29},"end":{"line":106,"column":56}},"49":{"start":{"line":107,"column":29},"end":{"line":117,"column":14}},"50":{"start":{"line":119,"column":12},"end":{"line":121,"column":13}},"51":{"start":{"line":120,"column":16},"end":{"line":120,"column":63}},"52":{"start":{"line":123,"column":12},"end":{"line":128,"column":15}},"53":{"start":{"line":131,"column":12},"end":{"line":136,"column":15}},"54":{"start":{"line":140,"column":23},"end":{"line":143,"column":5}},"55":{"start":{"line":141,"column":8},"end":{"line":141,"column":37}},"56":{"start":{"line":142,"column":8},"end":{"line":142,"column":31}},"57":{"start":{"line":145,"column":29},"end":{"line":175,"column":5}},"58":{"start":{"line":146,"column":8},"end":{"line":174,"column":14}},"59":{"start":{"line":151,"column":20},"end":{"line":151,"column":40}},"60":{"start":{"line":152,"column":20},"end":{"line":152,"column":83}},"61":{"start":{"line":158,"column":38},"end":{"line":158,"column":75}},"62":{"start":{"line":169,"column":20},"end":{"line":169,"column":40}},"63":{"start":{"line":170,"column":20},"end":{"line":170,"column":84}},"64":{"start":{"line":177,"column":25},"end":{"line":216,"column":5}},"65":{"start":{"line":178,"column":8},"end":{"line":215,"column":15}},"66":{"start":{"line":184,"column":27},"end":{"line":184,"column":47}},"67":{"start":{"line":190,"column":32},"end":{"line":190,"column":80}},"68":{"start":{"line":219,"column":30},"end":{"line":238,"column":5}},"69":{"start":{"line":240,"column":4},"end":{"line":403,"column":6}},"70":{"start":{"line":267,"column":30},"end":{"line":267,"column":53}},"71":{"start":{"line":363,"column":51},"end":{"line":363,"column":127}},"72":{"start":{"line":383,"column":51},"end":{"line":383,"column":127}},"73":{"start":{"line":396,"column":47},"end":{"line":396,"column":76}}},"fnMap":{"0":{"name":"Home","decl":{"start":{"line":9,"column":9},"end":{"line":9,"column":13}},"loc":{"start":{"line":9,"column":28},"end":{"line":404,"column":1}},"line":9},"1":{"name":"(anonymous_1)","decl":{"start":{"line":31,"column":14},"end":{"line":31,"column":15}},"loc":{"start":{"line":31,"column":20},"end":{"line":54,"column":5}},"line":31},"2":{"name":"(anonymous_2)","decl":{"start":{"line":32,"column":31},"end":{"line":32,"column":32}},"loc":{"start":{"line":32,"column":43},"end":{"line":51,"column":9}},"line":32},"3":{"name":"(anonymous_3)","decl":{"start":{"line":38,"column":47},"end":{"line":38,"column":48}},"loc":{"start":{"line":38,"column":53},"end":{"line":38,"column":72}},"line":38},"4":{"name":"(anonymous_4)","decl":{"start":{"line":42,"column":37},"end":{"line":42,"column":38}},"loc":{"start":{"line":42,"column":49},"end":{"line":44,"column":21}},"line":42},"5":{"name":"(anonymous_5)","decl":{"start":{"line":56,"column":33},"end":{"line":56,"column":34}},"loc":{"start":{"line":56,"column":56},"end":{"line":61,"column":5}},"line":56},"6":{"name":"(anonymous_6)","decl":{"start":{"line":57,"column":22},"end":{"line":57,"column":23}},"loc":{"start":{"line":57,"column":31},"end":{"line":60,"column":9}},"line":57},"7":{"name":"(anonymous_7)","decl":{"start":{"line":63,"column":30},"end":{"line":63,"column":31}},"loc":{"start":{"line":63,"column":52},"end":{"line":81,"column":5}},"line":63},"8":{"name":"(anonymous_8)","decl":{"start":{"line":71,"column":43},"end":{"line":71,"column":44}},"loc":{"start":{"line":71,"column":51},"end":{"line":71,"column":74}},"line":71},"9":{"name":"(anonymous_9)","decl":{"start":{"line":74,"column":51},"end":{"line":74,"column":52}},"loc":{"start":{"line":74,"column":59},"end":{"line":74,"column":90}},"line":74},"10":{"name":"(anonymous_10)","decl":{"start":{"line":83,"column":22},"end":{"line":83,"column":23}},"loc":{"start":{"line":83,"column":44},"end":{"line":138,"column":5}},"line":83},"11":{"name":"(anonymous_11)","decl":{"start":{"line":140,"column":23},"end":{"line":140,"column":24}},"loc":{"start":{"line":140,"column":37},"end":{"line":143,"column":5}},"line":140},"12":{"name":"(anonymous_12)","decl":{"start":{"line":145,"column":29},"end":{"line":145,"column":30}},"loc":{"start":{"line":146,"column":8},"end":{"line":174,"column":14}},"line":146},"13":{"name":"(anonymous_13)","decl":{"start":{"line":150,"column":25},"end":{"line":150,"column":26}},"loc":{"start":{"line":150,"column":32},"end":{"line":153,"column":17}},"line":150},"14":{"name":"(anonymous_14)","decl":{"start":{"line":158,"column":31},"end":{"line":158,"column":32}},"loc":{"start":{"line":158,"column":38},"end":{"line":158,"column":75}},"line":158},"15":{"name":"(anonymous_15)","decl":{"start":{"line":168,"column":25},"end":{"line":168,"column":26}},"loc":{"start":{"line":168,"column":32},"end":{"line":171,"column":17}},"line":168},"16":{"name":"(anonymous_16)","decl":{"start":{"line":177,"column":25},"end":{"line":177,"column":26}},"loc":{"start":{"line":178,"column":8},"end":{"line":215,"column":15}},"line":178},"17":{"name":"(anonymous_17)","decl":{"start":{"line":184,"column":21},"end":{"line":184,"column":22}},"loc":{"start":{"line":184,"column":27},"end":{"line":184,"column":47}},"line":184},"18":{"name":"(anonymous_18)","decl":{"start":{"line":190,"column":25},"end":{"line":190,"column":26}},"loc":{"start":{"line":190,"column":32},"end":{"line":190,"column":80}},"line":190},"19":{"name":"(anonymous_19)","decl":{"start":{"line":267,"column":24},"end":{"line":267,"column":25}},"loc":{"start":{"line":267,"column":30},"end":{"line":267,"column":53}},"line":267},"20":{"name":"(anonymous_20)","decl":{"start":{"line":363,"column":45},"end":{"line":363,"column":46}},"loc":{"start":{"line":363,"column":51},"end":{"line":363,"column":127}},"line":363},"21":{"name":"(anonymous_21)","decl":{"start":{"line":383,"column":45},"end":{"line":383,"column":46}},"loc":{"start":{"line":383,"column":51},"end":{"line":383,"column":127}},"line":383},"22":{"name":"(anonymous_22)","decl":{"start":{"line":396,"column":41},"end":{"line":396,"column":42}},"loc":{"start":{"line":396,"column":47},"end":{"line":396,"column":76}},"line":396}},"branchMap":{"0":{"loc":{"start":{"line":37,"column":16},"end":{"line":47,"column":17}},"type":"if","locations":[{"start":{"line":37,"column":16},"end":{"line":47,"column":17}},{"start":{},"end":{}}],"line":37},"1":{"loc":{"start":{"line":37,"column":20},"end":{"line":37,"column":43}},"type":"binary-expr","locations":[{"start":{"line":37,"column":20},"end":{"line":37,"column":24}},{"start":{"line":37,"column":28},"end":{"line":37,"column":43}}],"line":37},"2":{"loc":{"start":{"line":66,"column":12},"end":{"line":68,"column":13}},"type":"if","locations":[{"start":{"line":66,"column":12},"end":{"line":68,"column":13}},{"start":{},"end":{}}],"line":66},"3":{"loc":{"start":{"line":73,"column":12},"end":{"line":75,"column":13}},"type":"if","locations":[{"start":{"line":73,"column":12},"end":{"line":75,"column":13}},{"start":{},"end":{}}],"line":73},"4":{"loc":{"start":{"line":84,"column":8},"end":{"line":92,"column":9}},"type":"if","locations":[{"start":{"line":84,"column":8},"end":{"line":92,"column":9}},{"start":{},"end":{}}],"line":84},"5":{"loc":{"start":{"line":84,"column":12},"end":{"line":84,"column":37}},"type":"binary-expr","locations":[{"start":{"line":84,"column":12},"end":{"line":84,"column":21}},{"start":{"line":84,"column":25},"end":{"line":84,"column":37}}],"line":84},"6":{"loc":{"start":{"line":95,"column":8},"end":{"line":103,"column":9}},"type":"if","locations":[{"start":{"line":95,"column":8},"end":{"line":103,"column":9}},{"start":{},"end":{}}],"line":95},"7":{"loc":{"start":{"line":106,"column":29},"end":{"line":106,"column":56}},"type":"binary-expr","locations":[{"start":{"line":106,"column":29},"end":{"line":106,"column":51}},{"start":{"line":106,"column":55},"end":{"line":106,"column":56}}],"line":106},"8":{"loc":{"start":{"line":119,"column":12},"end":{"line":121,"column":13}},"type":"if","locations":[{"start":{"line":119,"column":12},"end":{"line":121,"column":13}},{"start":{},"end":{}}],"line":119},"9":{"loc":{"start":{"line":207,"column":25},"end":{"line":207,"column":77}},"type":"binary-expr","locations":[{"start":{"line":207,"column":25},"end":{"line":207,"column":55}},{"start":{"line":207,"column":59},"end":{"line":207,"column":77}}],"line":207},"10":{"loc":{"start":{"line":212,"column":51},"end":{"line":212,"column":79}},"type":"binary-expr","locations":[{"start":{"line":212,"column":51},"end":{"line":212,"column":74}},{"start":{"line":212,"column":78},"end":{"line":212,"column":79}}],"line":212},"11":{"loc":{"start":{"line":334,"column":21},"end":{"line":399,"column":21}},"type":"binary-expr","locations":[{"start":{"line":334,"column":21},"end":{"line":334,"column":36}},{"start":{"line":335,"column":24},"end":{"line":398,"column":30}}],"line":334}},"s":{"0":12,"1":12,"2":12,"3":12,"4":12,"5":12,"6":12,"7":6,"8":6,"9":6,"10":6,"11":4,"12":4,"13":4,"14":4,"15":4,"16":4,"17":8,"18":4,"19":4,"20":2,"21":6,"22":12,"23":0,"24":0,"25":12,"26":0,"27":0,"28":0,"29":0,"30":0,"31":0,"32":0,"33":0,"34":0,"35":0,"36":0,"37":0,"38":0,"39":12,"40":0,"41":0,"42":0,"43":0,"44":0,"45":0,"46":0,"47":0,"48":0,"49":0,"50":0,"51":0,"52":0,"53":0,"54":12,"55":2,"56":2,"57":12,"58":12,"59":0,"60":0,"61":0,"62":0,"63":0,"64":12,"65":12,"66":2,"67":0,"68":12,"69":12,"70":0,"71":0,"72":0,"73":0},"f":{"0":12,"1":6,"2":6,"3":4,"4":8,"5":0,"6":0,"7":0,"8":0,"9":0,"10":0,"11":2,"12":12,"13":0,"14":0,"15":0,"16":12,"17":2,"18":0,"19":0,"20":0,"21":0,"22":0},"b":{"0":[4,0],"1":[4,4],"2":[0,0],"3":[0,0],"4":[0,0],"5":[0,0],"6":[0,0],"7":[0,0],"8":[0,0],"9":[12,12],"10":[12,0],"11":[12,2]},"_coverageSchema":"1a1c01bbd47fc00a2c39e90264f33305004495a9","hash":"89fa36bed587d909ee5ef85a255890fe7065c43f"}
,"C:\\Users\\Fedex\\OneDrive\\Escritorio\\Tesis\\kingdomPC\\src\\components\\Layout.jsx": {"path":"C:\\Users\\Fedex\\OneDrive\\Escritorio\\Tesis\\kingdomPC\\src\\components\\Layout.jsx","statementMap":{"0":{"start":{"line":9,"column":21},"end":{"line":9,"column":33}},"1":{"start":{"line":10,"column":21},"end":{"line":10,"column":34}},"2":{"start":{"line":11,"column":30},"end":{"line":11,"column":45}},"3":{"start":{"line":13,"column":4},"end":{"line":29,"column":19}},"4":{"start":{"line":15,"column":12},"end":{"line":24,"column":13}},"5":{"start":{"line":16,"column":33},"end":{"line":16,"column":100}},"6":{"start":{"line":17,"column":16},"end":{"line":19,"column":17}},"7":{"start":{"line":18,"column":20},"end":{"line":18,"column":81}},"8":{"start":{"line":20,"column":32},"end":{"line":20,"column":53}},"9":{"start":{"line":21,"column":16},"end":{"line":21,"column":34}},"10":{"start":{"line":23,"column":16},"end":{"line":23,"column":82}},"11":{"start":{"line":26,"column":8},"end":{"line":28,"column":9}},"12":{"start":{"line":27,"column":12},"end":{"line":27,"column":29}},"13":{"start":{"line":31,"column":26},"end":{"line":53,"column":5}},"14":{"start":{"line":35,"column":27},"end":{"line":35,"column":46}},"15":{"start":{"line":42,"column":31},"end":{"line":42,"column":49}},"16":{"start":{"line":51,"column":27},"end":{"line":51,"column":37}},"17":{"start":{"line":55,"column":29},"end":{"line":57,"column":5}},"18":{"start":{"line":56,"column":8},"end":{"line":56,"column":23}},"19":{"start":{"line":59,"column":4},"end":{"line":74,"column":6}}},"fnMap":{"0":{"name":"Layout","decl":{"start":{"line":8,"column":24},"end":{"line":8,"column":30}},"loc":{"start":{"line":8,"column":81},"end":{"line":75,"column":1}},"line":8},"1":{"name":"(anonymous_1)","decl":{"start":{"line":13,"column":14},"end":{"line":13,"column":15}},"loc":{"start":{"line":13,"column":20},"end":{"line":29,"column":5}},"line":13},"2":{"name":"verificarAdmin","decl":{"start":{"line":14,"column":23},"end":{"line":14,"column":37}},"loc":{"start":{"line":14,"column":40},"end":{"line":25,"column":9}},"line":14},"3":{"name":"(anonymous_3)","decl":{"start":{"line":35,"column":21},"end":{"line":35,"column":22}},"loc":{"start":{"line":35,"column":27},"end":{"line":35,"column":46}},"line":35},"4":{"name":"(anonymous_4)","decl":{"start":{"line":42,"column":25},"end":{"line":42,"column":26}},"loc":{"start":{"line":42,"column":31},"end":{"line":42,"column":49}},"line":42},"5":{"name":"(anonymous_5)","decl":{"start":{"line":51,"column":21},"end":{"line":51,"column":22}},"loc":{"start":{"line":51,"column":27},"end":{"line":51,"column":37}},"line":51},"6":{"name":"(anonymous_6)","decl":{"start":{"line":55,"column":29},"end":{"line":55,"column":30}},"loc":{"start":{"line":55,"column":39},"end":{"line":57,"column":5}},"line":55}},"branchMap":{"0":{"loc":{"start":{"line":17,"column":16},"end":{"line":19,"column":17}},"type":"if","locations":[{"start":{"line":17,"column":16},"end":{"line":19,"column":17}},{"start":{},"end":{}}],"line":17},"1":{"loc":{"start":{"line":26,"column":8},"end":{"line":28,"column":9}},"type":"if","locations":[{"start":{"line":26,"column":8},"end":{"line":28,"column":9}},{"start":{},"end":{}}],"line":26},"2":{"loc":{"start":{"line":38,"column":12},"end":{"line":44,"column":14}},"type":"cond-expr","locations":[{"start":{"line":38,"column":20},"end":{"line":44,"column":9}},{"start":{"line":44,"column":12},"end":{"line":44,"column":14}}],"line":38}},"s":{"0":7,"1":7,"2":7,"3":7,"4":7,"5":7,"6":7,"7":0,"8":4,"9":4,"10":3,"11":7,"12":7,"13":7,"14":0,"15":0,"16":0,"17":7,"18":0,"19":7},"f":{"0":7,"1":7,"2":7,"3":0,"4":0,"5":0,"6":0},"b":{"0":[0,4],"1":[7,0],"2":[0,7]},"_coverageSchema":"1a1c01bbd47fc00a2c39e90264f33305004495a9","hash":"3180bb7b1b8d2d36eae8c8095d027ff3a97070dc"}
,"C:\\Users\\Fedex\\OneDrive\\Escritorio\\Tesis\\kingdomPC\\src\\components\\Login.jsx": {"path":"C:\\Users\\Fedex\\OneDrive\\Escritorio\\Tesis\\kingdomPC\\src\\components\\Login.jsx","statementMap":{"0":{"start":{"line":11,"column":34},"end":{"line":11,"column":46}},"1":{"start":{"line":12,"column":28},"end":{"line":12,"column":40}},"2":{"start":{"line":13,"column":18},"end":{"line":13,"column":30}},"3":{"start":{"line":14,"column":21},"end":{"line":14,"column":34}},"4":{"start":{"line":16,"column":24},"end":{"line":82,"column":5}},"5":{"start":{"line":17,"column":8},"end":{"line":17,"column":27}},"6":{"start":{"line":19,"column":8},"end":{"line":27,"column":9}},"7":{"start":{"line":20,"column":12},"end":{"line":25,"column":15}},"8":{"start":{"line":26,"column":12},"end":{"line":26,"column":19}},"9":{"start":{"line":29,"column":8},"end":{"line":81,"column":9}},"10":{"start":{"line":30,"column":35},"end":{"line":38,"column":13}},"11":{"start":{"line":40,"column":12},"end":{"line":72,"column":13}},"12":{"start":{"line":41,"column":38},"end":{"line":46,"column":18}},"13":{"start":{"line":48,"column":16},"end":{"line":64,"column":17}},"14":{"start":{"line":49,"column":34},"end":{"line":49,"column":60}},"15":{"start":{"line":50,"column":40},"end":{"line":50,"column":84}},"16":{"start":{"line":50,"column":59},"end":{"line":50,"column":83}},"17":{"start":{"line":52,"column":20},"end":{"line":63,"column":21}},"18":{"start":{"line":53,"column":24},"end":{"line":53,"column":45}},"19":{"start":{"line":54,"column":24},"end":{"line":59,"column":27}},"20":{"start":{"line":60,"column":24},"end":{"line":60,"column":39}},"21":{"start":{"line":61,"column":24},"end":{"line":61,"column":36}},"22":{"start":{"line":62,"column":24},"end":{"line":62,"column":42}},"23":{"start":{"line":66,"column":16},"end":{"line":71,"column":19}},"24":{"start":{"line":74,"column":12},"end":{"line":74,"column":43}},"25":{"start":{"line":75,"column":12},"end":{"line":80,"column":15}},"26":{"start":{"line":84,"column":4},"end":{"line":143,"column":6}},"27":{"start":{"line":108,"column":49},"end":{"line":108,"column":75}},"28":{"start":{"line":119,"column":49},"end":{"line":119,"column":72}}},"fnMap":{"0":{"name":"Login","decl":{"start":{"line":10,"column":9},"end":{"line":10,"column":14}},"loc":{"start":{"line":10,"column":28},"end":{"line":144,"column":1}},"line":10},"1":{"name":"(anonymous_1)","decl":{"start":{"line":16,"column":24},"end":{"line":16,"column":25}},"loc":{"start":{"line":16,"column":37},"end":{"line":82,"column":5}},"line":16},"2":{"name":"(anonymous_2)","decl":{"start":{"line":50,"column":51},"end":{"line":50,"column":52}},"loc":{"start":{"line":50,"column":59},"end":{"line":50,"column":83}},"line":50},"3":{"name":"(anonymous_3)","decl":{"start":{"line":108,"column":42},"end":{"line":108,"column":43}},"loc":{"start":{"line":108,"column":49},"end":{"line":108,"column":75}},"line":108},"4":{"name":"(anonymous_4)","decl":{"start":{"line":119,"column":42},"end":{"line":119,"column":43}},"loc":{"start":{"line":119,"column":49},"end":{"line":119,"column":72}},"line":119}},"branchMap":{"0":{"loc":{"start":{"line":19,"column":8},"end":{"line":27,"column":9}},"type":"if","locations":[{"start":{"line":19,"column":8},"end":{"line":27,"column":9}},{"start":{},"end":{}}],"line":19},"1":{"loc":{"start":{"line":19,"column":12},"end":{"line":19,"column":29}},"type":"binary-expr","locations":[{"start":{"line":19,"column":12},"end":{"line":19,"column":20}},{"start":{"line":19,"column":24},"end":{"line":19,"column":29}}],"line":19},"2":{"loc":{"start":{"line":40,"column":12},"end":{"line":72,"column":13}},"type":"if","locations":[{"start":{"line":40,"column":12},"end":{"line":72,"column":13}},{"start":{"line":65,"column":19},"end":{"line":72,"column":13}}],"line":40},"3":{"loc":{"start":{"line":48,"column":16},"end":{"line":64,"column":17}},"type":"if","locations":[{"start":{"line":48,"column":16},"end":{"line":64,"column":17}},{"start":{},"end":{}}],"line":48},"4":{"loc":{"start":{"line":52,"column":20},"end":{"line":63,"column":21}},"type":"if","locations":[{"start":{"line":52,"column":20},"end":{"line":63,"column":21}},{"start":{},"end":{}}],"line":52},"5":{"loc":{"start":{"line":129,"column":38},"end":{"line":129,"column":55}},"type":"binary-expr","locations":[{"start":{"line":129,"column":38},"end":{"line":129,"column":46}},{"start":{"line":129,"column":50},"end":{"line":129,"column":55}}],"line":129}},"s":{"0":17,"1":17,"2":17,"3":17,"4":17,"5":3,"6":3,"7":0,"8":0,"9":3,"10":3,"11":2,"12":1,"13":1,"14":1,"15":1,"16":1,"17":1,"18":1,"19":1,"20":1,"21":1,"22":1,"23":1,"24":2,"25":2,"26":17,"27":4,"28":4},"f":{"0":17,"1":3,"2":1,"3":4,"4":4},"b":{"0":[0,3],"1":[3,3],"2":[1,1],"3":[1,0],"4":[1,0],"5":[17,8]},"_coverageSchema":"1a1c01bbd47fc00a2c39e90264f33305004495a9","hash":"f8d1d2f35de91776107ee73b85e339cddc4c850c"}
,"C:\\Users\\Fedex\\OneDrive\\Escritorio\\Tesis\\kingdomPC\\src\\components\\Navbar.jsx": {"path":"C:\\Users\\Fedex\\OneDrive\\Escritorio\\Tesis\\kingdomPC\\src\\components\\Navbar.jsx","statementMap":{"0":{"start":{"line":12,"column":4},"end":{"line":91,"column":6}},"1":{"start":{"line":71,"column":36},"end":{"line":71,"column":62}}},"fnMap":{"0":{"name":"Navbar","decl":{"start":{"line":11,"column":9},"end":{"line":11,"column":15}},"loc":{"start":{"line":11,"column":89},"end":{"line":92,"column":1}},"line":11},"1":{"name":"(anonymous_1)","decl":{"start":{"line":71,"column":29},"end":{"line":71,"column":30}},"loc":{"start":{"line":71,"column":36},"end":{"line":71,"column":62}},"line":71}},"branchMap":{"0":{"loc":{"start":{"line":35,"column":24},"end":{"line":35,"column":46}},"type":"binary-expr","locations":[{"start":{"line":35,"column":24},"end":{"line":35,"column":40}},{"start":{"line":35,"column":44},"end":{"line":35,"column":46}}],"line":35},"1":{"loc":{"start":{"line":38,"column":24},"end":{"line":38,"column":48}},"type":"binary-expr","locations":[{"start":{"line":38,"column":24},"end":{"line":38,"column":42}},{"start":{"line":38,"column":46},"end":{"line":38,"column":48}}],"line":38},"2":{"loc":{"start":{"line":52,"column":21},"end":{"line":54,"column":21}},"type":"binary-expr","locations":[{"start":{"line":52,"column":21},"end":{"line":52,"column":39}},{"start":{"line":53,"column":24},"end":{"line":53,"column":75}}],"line":52}},"s":{"0":13,"1":0},"f":{"0":13,"1":0},"b":{"0":[13,7],"1":[13,7],"2":[13,1]},"_coverageSchema":"1a1c01bbd47fc00a2c39e90264f33305004495a9","hash":"f988f7b9560b653b9bb7e1dae5651e6c4ae2cae9"}
,"C:\\Users\\Fedex\\OneDrive\\Escritorio\\Tesis\\kingdomPC\\src\\components\\Pedido.jsx": {"path":"C:\\Users\\Fedex\\OneDrive\\Escritorio\\Tesis\\kingdomPC\\src\\components\\Pedido.jsx","statementMap":{"0":{"start":{"line":5,"column":34},"end":{"line":5,"column":46}},"1":{"start":{"line":8,"column":4},"end":{"line":24,"column":19}},"2":{"start":{"line":9,"column":8},"end":{"line":23,"column":9}},"3":{"start":{"line":10,"column":12},"end":{"line":22,"column":19}},"4":{"start":{"line":12,"column":20},"end":{"line":14,"column":21}},"5":{"start":{"line":13,"column":24},"end":{"line":13,"column":65}},"6":{"start":{"line":15,"column":20},"end":{"line":15,"column":43}},"7":{"start":{"line":18,"column":20},"end":{"line":18,"column":37}},"8":{"start":{"line":21,"column":20},"end":{"line":21,"column":67}},"9":{"start":{"line":27,"column":25},"end":{"line":53,"column":5}},"10":{"start":{"line":28,"column":22},"end":{"line":28,"column":81}},"11":{"start":{"line":28,"column":60},"end":{"line":28,"column":77}},"12":{"start":{"line":30,"column":8},"end":{"line":52,"column":10}},"13":{"start":{"line":42,"column":36},"end":{"line":44,"column":41}},"14":{"start":{"line":55,"column":4},"end":{"line":61,"column":6}}},"fnMap":{"0":{"name":"Pedido","decl":{"start":{"line":4,"column":24},"end":{"line":4,"column":30}},"loc":{"start":{"line":4,"column":45},"end":{"line":62,"column":1}},"line":4},"1":{"name":"(anonymous_1)","decl":{"start":{"line":8,"column":14},"end":{"line":8,"column":15}},"loc":{"start":{"line":8,"column":20},"end":{"line":24,"column":5}},"line":8},"2":{"name":"(anonymous_2)","decl":{"start":{"line":11,"column":22},"end":{"line":11,"column":23}},"loc":{"start":{"line":11,"column":36},"end":{"line":16,"column":17}},"line":11},"3":{"name":"(anonymous_3)","decl":{"start":{"line":17,"column":22},"end":{"line":17,"column":23}},"loc":{"start":{"line":17,"column":32},"end":{"line":19,"column":17}},"line":17},"4":{"name":"(anonymous_4)","decl":{"start":{"line":20,"column":23},"end":{"line":20,"column":24}},"loc":{"start":{"line":20,"column":34},"end":{"line":22,"column":17}},"line":20},"5":{"name":"(anonymous_5)","decl":{"start":{"line":27,"column":25},"end":{"line":27,"column":26}},"loc":{"start":{"line":27,"column":37},"end":{"line":53,"column":5}},"line":27},"6":{"name":"(anonymous_6)","decl":{"start":{"line":28,"column":45},"end":{"line":28,"column":46}},"loc":{"start":{"line":28,"column":60},"end":{"line":28,"column":77}},"line":28},"7":{"name":"(anonymous_7)","decl":{"start":{"line":41,"column":53},"end":{"line":41,"column":54}},"loc":{"start":{"line":42,"column":36},"end":{"line":44,"column":41}},"line":42}},"branchMap":{"0":{"loc":{"start":{"line":9,"column":8},"end":{"line":23,"column":9}},"type":"if","locations":[{"start":{"line":9,"column":8},"end":{"line":23,"column":9}},{"start":{},"end":{}}],"line":9},"1":{"loc":{"start":{"line":9,"column":12},"end":{"line":9,"column":35}},"type":"binary-expr","locations":[{"start":{"line":9,"column":12},"end":{"line":9,"column":20}},{"start":{"line":9,"column":24},"end":{"line":9,"column":35}}],"line":9},"2":{"loc":{"start":{"line":12,"column":20},"end":{"line":14,"column":21}},"type":"if","locations":[{"start":{"line":12,"column":20},"end":{"line":14,"column":21}},{"start":{},"end":{}}],"line":12}},"s":{"0":4,"1":4,"2":3,"3":2,"4":1,"5":0,"6":1,"7":1,"8":1,"9":4,"10":1,"11":2,"12":1,"13":2,"14":4},"f":{"0":4,"1":3,"2":1,"3":1,"4":1,"5":1,"6":2,"7":2},"b":{"0":[2,1],"1":[3,3],"2":[0,1]},"_coverageSchema":"1a1c01bbd47fc00a2c39e90264f33305004495a9","hash":"6bf71eb651e73a6025dca37c87ee7e824a3fb2e9"}
,"C:\\Users\\Fedex\\OneDrive\\Escritorio\\Tesis\\kingdomPC\\src\\components\\Pedidos.jsx": {"path":"C:\\Users\\Fedex\\OneDrive\\Escritorio\\Tesis\\kingdomPC\\src\\components\\Pedidos.jsx","statementMap":{"0":{"start":{"line":6,"column":34},"end":{"line":6,"column":46}},"1":{"start":{"line":7,"column":30},"end":{"line":7,"column":44}},"2":{"start":{"line":9,"column":4},"end":{"line":24,"column":17}},"3":{"start":{"line":10,"column":31},"end":{"line":21,"column":9}},"4":{"start":{"line":11,"column":12},"end":{"line":20,"column":13}},"5":{"start":{"line":12,"column":33},"end":{"line":12,"column":89}},"6":{"start":{"line":13,"column":16},"end":{"line":15,"column":17}},"7":{"start":{"line":14,"column":20},"end":{"line":14,"column":80}},"8":{"start":{"line":16,"column":29},"end":{"line":16,"column":50}},"9":{"start":{"line":17,"column":16},"end":{"line":17,"column":33}},"10":{"start":{"line":19,"column":16},"end":{"line":19,"column":40}},"11":{"start":{"line":23,"column":8},"end":{"line":23,"column":25}},"12":{"start":{"line":26,"column":4},"end":{"line":26,"column":48}},"13":{"start":{"line":26,"column":15},"end":{"line":26,"column":48}},"14":{"start":{"line":28,"column":26},"end":{"line":34,"column":5}},"15":{"start":{"line":29,"column":8},"end":{"line":29,"column":60}},"16":{"start":{"line":29,"column":51},"end":{"line":29,"column":60}},"17":{"start":{"line":31,"column":8},"end":{"line":33,"column":14}},"18":{"start":{"line":32,"column":12},"end":{"line":32,"column":75}},"19":{"start":{"line":36,"column":31},"end":{"line":46,"column":5}},"20":{"start":{"line":37,"column":8},"end":{"line":45,"column":11}},"21":{"start":{"line":38,"column":26},"end":{"line":38,"column":62}},"22":{"start":{"line":39,"column":12},"end":{"line":44,"column":14}},"23":{"start":{"line":48,"column":31},"end":{"line":48,"column":58}},"24":{"start":{"line":50,"column":4},"end":{"line":79,"column":6}},"25":{"start":{"line":57,"column":39},"end":{"line":57,"column":68}},"26":{"start":{"line":61,"column":39},"end":{"line":63,"column":22}},"27":{"start":{"line":62,"column":24},"end":{"line":62,"column":71}},"28":{"start":{"line":67,"column":39},"end":{"line":69,"column":22}},"29":{"start":{"line":68,"column":24},"end":{"line":68,"column":65}},"30":{"start":{"line":73,"column":39},"end":{"line":75,"column":22}},"31":{"start":{"line":74,"column":24},"end":{"line":74,"column":74}}},"fnMap":{"0":{"name":"Pedidos","decl":{"start":{"line":5,"column":24},"end":{"line":5,"column":31}},"loc":{"start":{"line":5,"column":44},"end":{"line":80,"column":1}},"line":5},"1":{"name":"(anonymous_1)","decl":{"start":{"line":9,"column":14},"end":{"line":9,"column":15}},"loc":{"start":{"line":9,"column":20},"end":{"line":24,"column":5}},"line":9},"2":{"name":"(anonymous_2)","decl":{"start":{"line":10,"column":31},"end":{"line":10,"column":32}},"loc":{"start":{"line":10,"column":43},"end":{"line":21,"column":9}},"line":10},"3":{"name":"(anonymous_3)","decl":{"start":{"line":28,"column":26},"end":{"line":28,"column":27}},"loc":{"start":{"line":28,"column":40},"end":{"line":34,"column":5}},"line":28},"4":{"name":"(anonymous_4)","decl":{"start":{"line":31,"column":31},"end":{"line":31,"column":32}},"loc":{"start":{"line":31,"column":51},"end":{"line":33,"column":9}},"line":31},"5":{"name":"(anonymous_5)","decl":{"start":{"line":36,"column":31},"end":{"line":36,"column":32}},"loc":{"start":{"line":36,"column":44},"end":{"line":46,"column":5}},"line":36},"6":{"name":"(anonymous_6)","decl":{"start":{"line":37,"column":35},"end":{"line":37,"column":36}},"loc":{"start":{"line":37,"column":47},"end":{"line":45,"column":9}},"line":37},"7":{"name":"(anonymous_7)","decl":{"start":{"line":57,"column":26},"end":{"line":57,"column":27}},"loc":{"start":{"line":57,"column":39},"end":{"line":57,"column":68}},"line":57},"8":{"name":"(anonymous_8)","decl":{"start":{"line":61,"column":26},"end":{"line":61,"column":27}},"loc":{"start":{"line":61,"column":39},"end":{"line":63,"column":22}},"line":61},"9":{"name":"(anonymous_9)","decl":{"start":{"line":61,"column":60},"end":{"line":61,"column":61}},"loc":{"start":{"line":62,"column":24},"end":{"line":62,"column":71}},"line":62},"10":{"name":"(anonymous_10)","decl":{"start":{"line":67,"column":26},"end":{"line":67,"column":27}},"loc":{"start":{"line":67,"column":39},"end":{"line":69,"column":22}},"line":67},"11":{"name":"(anonymous_11)","decl":{"start":{"line":67,"column":60},"end":{"line":67,"column":61}},"loc":{"start":{"line":68,"column":24},"end":{"line":68,"column":65}},"line":68},"12":{"name":"(anonymous_12)","decl":{"start":{"line":73,"column":26},"end":{"line":73,"column":27}},"loc":{"start":{"line":73,"column":39},"end":{"line":75,"column":22}},"line":73},"13":{"name":"(anonymous_13)","decl":{"start":{"line":73,"column":60},"end":{"line":73,"column":61}},"loc":{"start":{"line":74,"column":24},"end":{"line":74,"column":74}},"line":74}},"branchMap":{"0":{"loc":{"start":{"line":13,"column":16},"end":{"line":15,"column":17}},"type":"if","locations":[{"start":{"line":13,"column":16},"end":{"line":15,"column":17}},{"start":{},"end":{}}],"line":13},"1":{"loc":{"start":{"line":26,"column":4},"end":{"line":26,"column":48}},"type":"if","locations":[{"start":{"line":26,"column":4},"end":{"line":26,"column":48}},{"start":{},"end":{}}],"line":26},"2":{"loc":{"start":{"line":29,"column":8},"end":{"line":29,"column":60}},"type":"if","locations":[{"start":{"line":29,"column":8},"end":{"line":29,"column":60}},{"start":{},"end":{}}],"line":29},"3":{"loc":{"start":{"line":29,"column":12},"end":{"line":29,"column":49}},"type":"binary-expr","locations":[{"start":{"line":29,"column":12},"end":{"line":29,"column":21}},{"start":{"line":29,"column":25},"end":{"line":29,"column":49}}],"line":29},"4":{"loc":{"start":{"line":32,"column":28},"end":{"line":32,"column":47}},"type":"binary-expr","locations":[{"start":{"line":32,"column":28},"end":{"line":32,"column":42}},{"start":{"line":32,"column":46},"end":{"line":32,"column":47}}],"line":32},"5":{"loc":{"start":{"line":32,"column":52},"end":{"line":32,"column":73}},"type":"binary-expr","locations":[{"start":{"line":32,"column":52},"end":{"line":32,"column":68}},{"start":{"line":32,"column":72},"end":{"line":32,"column":73}}],"line":32},"6":{"loc":{"start":{"line":37,"column":16},"end":{"line":37,"column":29}},"type":"binary-expr","locations":[{"start":{"line":37,"column":16},"end":{"line":37,"column":23}},{"start":{"line":37,"column":27},"end":{"line":37,"column":29}}],"line":37},"7":{"loc":{"start":{"line":38,"column":40},"end":{"line":38,"column":61}},"type":"binary-expr","locations":[{"start":{"line":38,"column":40},"end":{"line":38,"column":55}},{"start":{"line":38,"column":59},"end":{"line":38,"column":61}}],"line":38},"8":{"loc":{"start":{"line":43,"column":26},"end":{"line":43,"column":47}},"type":"binary-expr","locations":[{"start":{"line":43,"column":26},"end":{"line":43,"column":41}},{"start":{"line":43,"column":45},"end":{"line":43,"column":47}}],"line":43}},"s":{"0":4,"1":4,"2":4,"3":3,"4":3,"5":3,"6":2,"7":0,"8":1,"9":1,"10":2,"11":3,"12":4,"13":1,"14":3,"15":0,"16":0,"17":0,"18":0,"19":3,"20":3,"21":0,"22":0,"23":3,"24":3,"25":0,"26":0,"27":0,"28":0,"29":0,"30":0,"31":0},"f":{"0":4,"1":3,"2":3,"3":0,"4":0,"5":3,"6":0,"7":0,"8":0,"9":0,"10":0,"11":0,"12":0,"13":0},"b":{"0":[0,1],"1":[1,3],"2":[0,0],"3":[0,0],"4":[0,0],"5":[0,0],"6":[3,0],"7":[0,0],"8":[0,0]},"_coverageSchema":"1a1c01bbd47fc00a2c39e90264f33305004495a9","hash":"cb161c97ee8514ef89e39be05950d76a9cc582a7"}
[...]
end":{"line":29,"column":15}},"loc":{"start":{"line":29,"column":20},"end":{"line":49,"column":5}},"line":29},"2":{"name":"(anonymous_2)","decl":{"start":{"line":30,"column":31},"end":{"line":30,"column":32}},"loc":{"start":{"line":30,"column":43},"end":{"line":46,"column":9}},"line":30},"3":{"name":"(anonymous_3)","decl":{"start":{"line":37,"column":33},"end":{"line":37,"column":34}},"loc":{"start":{"line":37,"column":45},"end":{"line":39,"column":21}},"line":37},"4":{"name":"(anonymous_4)","decl":{"start":{"line":51,"column":23},"end":{"line":51,"column":24}},"loc":{"start":{"line":51,"column":37},"end":{"line":54,"column":5}},"line":51},"5":{"name":"(anonymous_5)","decl":{"start":{"line":56,"column":48},"end":{"line":56,"column":49}},"loc":{"start":{"line":56,"column":67},"end":{"line":63,"column":5}},"line":56},"6":{"name":"(anonymous_6)","decl":{"start":{"line":65,"column":33},"end":{"line":65,"column":34}},"loc":{"start":{"line":65,"column":62},"end":{"line":70,"column":5}},"line":65},"7":{"name":"(anonymous_7)","decl":{"start":{"line":66,"column":22},"end":{"line":66,"column":23}},"loc":{"start":{"line":66,"column":43},"end":{"line":69,"column":9}},"line":66},"8":{"name":"(anonymous_8)","decl":{"start":{"line":72,"column":22},"end":{"line":72,"column":23}},"loc":{"start":{"line":72,"column":44},"end":{"line":116,"column":5}},"line":72},"9":{"name":"(anonymous_9)","decl":{"start":{"line":74,"column":43},"end":{"line":74,"column":44}},"loc":{"start":{"line":74,"column":57},"end":{"line":74,"column":83}},"line":74},"10":{"name":"(anonymous_10)","decl":{"start":{"line":122,"column":52},"end":{"line":122,"column":53}},"loc":{"start":{"line":123,"column":16},"end":{"line":229,"column":22}},"line":123},"11":{"name":"(anonymous_11)","decl":{"start":{"line":137,"column":35},"end":{"line":137,"column":36}},"loc":{"start":{"line":138,"column":28},"end":{"line":226,"column":35}},"line":138},"12":{"name":"(anonymous_12)","decl":{"start":{"line":149,"column":41},"end":{"line":149,"column":42}},"loc":{"start":{"line":149,"column":47},"end":{"line":149,"column":67}},"line":149},"13":{"name":"(anonymous_13)","decl":{"start":{"line":155,"column":45},"end":{"line":155,"column":46}},"loc":{"start":{"line":155,"column":52},"end":{"line":155,"column":100}},"line":155},"14":{"name":"(anonymous_14)","decl":{"start":{"line":242,"column":24},"end":{"line":242,"column":25}},"loc":{"start":{"line":242,"column":30},"end":{"line":242,"column":53}},"line":242},"15":{"name":"(anonymous_15)","decl":{"start":{"line":315,"column":41},"end":{"line":315,"column":42}},"loc":{"start":{"line":316,"column":36},"end":{"line":319,"column":37}},"line":316},"16":{"name":"(anonymous_16)","decl":{"start":{"line":326,"column":41},"end":{"line":326,"column":42}},"loc":{"start":{"line":327,"column":36},"end":{"line":330,"column":37}},"line":327},"17":{"name":"(anonymous_17)","decl":{"start":{"line":338,"column":45},"end":{"line":338,"column":46}},"loc":{"start":{"line":338,"column":51},"end":{"line":338,"column":81}},"line":338}},"branchMap":{"0":{"loc":{"start":{"line":35,"column":16},"end":{"line":42,"column":17}},"type":"if","locations":[{"start":{"line":35,"column":16},"end":{"line":42,"column":17}},{"start":{},"end":{}}],"line":35},"1":{"loc":{"start":{"line":35,"column":20},"end":{"line":35,"column":43}},"type":"binary-expr","locations":[{"start":{"line":35,"column":20},"end":{"line":35,"column":24}},{"start":{"line":35,"column":28},"end":{"line":35,"column":43}}],"line":35},"2":{"loc":{"start":{"line":58,"column":8},"end":{"line":60,"column":9}},"type":"if","locations":[{"start":{"line":58,"column":8},"end":{"line":60,"column":9}},{"start":{},"end":{}}],"line":58},"3":{"loc":{"start":{"line":76,"column":8},"end":{"line":76,"column":46}},"type":"if","locations":[{"start":{"line":76,"column":8},"end":{"line":76,"column":46}},{"start":{},"end":{}}],"line":76},"4":{"loc":{"start":{"line":76,"column":12},"end":{"line":76,"column":37}},"type":"binary-expr","locations":[{"start":{"line":76,"column":12},"end":{"line":76,"column":24}},{"start":{"line":76,"column":28},"end":{"line":76,"column":37}}],"line":76},"5":{"loc":{"start":{"line":91,"column":12},"end":{"line":106,"column":13}},"type":"if","locations":[{"start":{"line":91,"column":12},"end":{"line":106,"column":13}},{"start":{"line":99,"column":19},"end":{"line":106,"column":13}}],"line":91},"6":{"loc":{"start":{"line":125,"column":25},"end":{"line":125,"column":57}},"type":"binary-expr","locations":[{"start":{"line":125,"column":25},"end":{"line":125,"column":45}},{"start":{"line":125,"column":49},"end":{"line":125,"column":57}}],"line":125},"7":{"loc":{"start":{"line":128,"column":21},"end":{"line":128,"column":69}},"type":"binary-expr","locations":[{"start":{"line":128,"column":21},"end":{"line":128,"column":30}},{"start":{"line":128,"column":34},"end":{"line":128,"column":69}}],"line":128},"8":{"loc":{"start":{"line":222,"column":45},"end":{"line":222,"column":97}},"type":"binary-expr","locations":[{"start":{"line":222,"column":45},"end":{"line":222,"column":75}},{"start":{"line":222,"column":79},"end":{"line":222,"column":97}}],"line":222},"9":{"loc":{"start":{"line":311,"column":21},"end":{"line":344,"column":21}},"type":"binary-expr","locations":[{"start":{"line":311,"column":21},"end":{"line":311,"column":37}},{"start":{"line":312,"column":24},"end":{"line":343,"column":30}}],"line":311}},"s":{"0":12,"1":12,"2":12,"3":12,"4":12,"5":12,"6":12,"7":4,"8":4,"9":4,"10":4,"11":4,"12":4,"13":4,"14":4,"15":4,"16":4,"17":0,"18":4,"19":12,"20":3,"21":3,"22":12,"23":8,"24":8,"25":8,"26":8,"27":8,"28":12,"29":0,"30":0,"31":12,"32":2,"33":2,"34":2,"35":2,"36":0,"37":2,"38":2,"39":2,"40":1,"41":1,"42":1,"43":0,"44":0,"45":12,"46":8,"47":8,"48":3,"49":0,"50":0,"51":0,"52":0,"53":2},"f":{"0":12,"1":4,"2":4,"3":4,"4":3,"5":8,"6":0,"7":0,"8":2,"9":2,"10":8,"11":8,"12":3,"13":0,"14":0,"15":0,"16":0,"17":2},"b":{"0":[4,0],"1":[4,4],"2":[8,0],"3":[0,2],"4":[2,2],"5":[1,1],"6":[8,8],"7":[8,0],"8":[8,8],"9":[12,4]},"_coverageSchema":"1a1c01bbd47fc00a2c39e90264f33305004495a9","hash":"2877ef3b4a06a560819848f0f9970505d37c19f6"}
,"C:\\Users\\Fedex\\OneDrive\\Escritorio\\Tesis\\kingdomPC\\src\\components\\ProductoItem.jsx": {"path":"C:\\Users\\Fedex\\OneDrive\\Escritorio\\Tesis\\kingdomPC\\src\\components\\ProductoItem.jsx","statementMap":{"0":{"start":{"line":4,"column":2},"end":{"line":18,"column":3}},"1":{"start":{"line":12,"column":23},"end":{"line":12,"column":40}}},"fnMap":{"0":{"name":"MenuItem","decl":{"start":{"line":3,"column":24},"end":{"line":3,"column":32}},"loc":{"start":{"line":3,"column":56},"end":{"line":19,"column":1}},"line":3},"1":{"name":"(anonymous_1)","decl":{"start":{"line":12,"column":17},"end":{"line":12,"column":18}},"loc":{"start":{"line":12,"column":23},"end":{"line":12,"column":40}},"line":12}},"branchMap":{},"s":{"0":4,"1":2},"f":{"0":4,"1":2},"b":{},"_coverageSchema":"1a1c01bbd47fc00a2c39e90264f33305004495a9","hash":"c84c35fd2109ab23d637210e1c4e76fdead1290c"}
,"C:\\Users\\Fedex\\OneDrive\\Escritorio\\Tesis\\kingdomPC\\src\\components\\Register.jsx": {"path":"C:\\Users\\Fedex\\OneDrive\\Escritorio\\Tesis\\kingdomPC\\src\\components\\Register.jsx","statementMap":{"0":{"start":{"line":10,"column":34},"end":{"line":24,"column":4}},"1":{"start":{"line":25,"column":16},"end":{"line":25,"column":28}},"2":{"start":{"line":26,"column":19},"end":{"line":26,"column":32}},"3":{"start":{"line":28,"column":23},"end":{"line":34,"column":3}},"4":{"start":{"line":29,"column":43},"end":{"line":29,"column":51}},"5":{"start":{"line":30,"column":4},"end":{"line":33,"column":8}},"6":{"start":{"line":30,"column":27},"end":{"line":33,"column":5}},"7":{"start":{"line":36,"column":23},"end":{"line":106,"column":3}},"8":{"start":{"line":37,"column":4},"end":{"line":37,"column":23}},"9":{"start":{"line":42,"column":8},"end":{"line":42,"column":16}},"10":{"start":{"line":44,"column":4},"end":{"line":52,"column":5}},"11":{"start":{"line":46,"column":6},"end":{"line":50,"column":9}},"12":{"start":{"line":51,"column":6},"end":{"line":51,"column":13}},"13":{"start":{"line":54,"column":21},"end":{"line":69,"column":5}},"14":{"start":{"line":71,"column":4},"end":{"line":105,"column":5}},"15":{"start":{"line":72,"column":23},"end":{"line":78,"column":8}},"16":{"start":{"line":80,"column":6},"end":{"line":96,"column":7}},"17":{"start":{"line":81,"column":8},"end":{"line":86,"column":11}},"18":{"start":{"line":87,"column":8},"end":{"line":87,"column":27}},"19":{"start":{"line":89,"column":26},"end":{"line":89,"column":47}},"20":{"start":{"line":90,"column":8},"end":{"line":95,"column":11}},"21":{"start":{"line":98,"column":6},"end":{"line":98,"column":65}},"22":{"start":{"line":99,"column":6},"end":{"line":104,"column":9}},"23":{"start":{"line":108,"column":2},"end":{"line":274,"column":4}}},"fnMap":{"0":{"name":"Register","decl":{"start":{"line":9,"column":9},"end":{"line":9,"column":17}},"loc":{"start":{"line":9,"column":20},"end":{"line":275,"column":1}},"line":9},"1":{"name":"(anonymous_1)","decl":{"start":{"line":28,"column":23},"end":{"line":28,"column":24}},"loc":{"start":{"line":28,"column":30},"end":{"line":34,"column":3}},"line":28},"2":{"name":"(anonymous_2)","decl":{"start":{"line":30,"column":16},"end":{"line":30,"column":17}},"loc":{"start":{"line":30,"column":27},"end":{"line":33,"column":5}},"line":30},"3":{"name":"(anonymous_3)","decl":{"start":{"line":36,"column":23},"end":{"line":36,"column":24}},"loc":{"start":{"line":36,"column":36},"end":{"line":106,"column":3}},"line":36}},"branchMap":{"0":{"loc":{"start":{"line":32,"column":14},"end":{"line":32,"column":51}},"type":"cond-expr","locations":[{"start":{"line":32,"column":36},"end":{"line":32,"column":43}},{"start":{"line":32,"column":46},"end":{"line":32,"column":51}}],"line":32},"1":{"loc":{"start":{"line":44,"column":4},"end":{"line":52,"column":5}},"type":"if","locations":[{"start":{"line":44,"column":4},"end":{"line":52,"column":5}},{"start":{},"end":{}}],"line":44},"2":{"loc":{"start":{"line":44,"column":8},"end":{"line":45,"column":80}},"type":"binary-expr","locations":[{"start":{"line":44,"column":8},"end":{"line":44,"column":15}},{"start":{"line":44,"column":19},"end":{"line":44,"column":28}},{"start":{"line":44,"column":32},"end":{"line":44,"column":40}},{"start":{"line":44,"column":44},"end":{"line":44,"column":51}},{"start":{"line":44,"column":55},"end":{"line":44,"column":61}},{"start":{"line":44,"column":65},"end":{"line":44,"column":70}},{"start":{"line":44,"column":74},"end":{"line":44,"column":83}},{"start":{"line":45,"column":9},"end":{"line":45,"column":19}},{"start":{"line":45,"column":23},"end":{"line":45,"column":37}},{"start":{"line":45,"column":41},"end":{"line":45,"column":55}},{"start":{"line":45,"column":59},"end":{"line":45,"column":72}},{"start":{"line":45,"column":76},"end":{"line":45,"column":80}}],"line":44},"3":{"loc":{"start":{"line":80,"column":6},"end":{"line":96,"column":7}},"type":"if","locations":[{"start":{"line":80,"column":6},"end":{"line":96,"column":7}},{"start":{"line":88,"column":13},"end":{"line":96,"column":7}}],"line":80},"4":{"loc":{"start":{"line":93,"column":18},"end":{"line":93,"column":70}},"type":"binary-expr","locations":[{"start":{"line":93,"column":18},"end":{"line":93,"column":35}},{"start":{"line":93,"column":39},"end":{"line":93,"column":70}}],"line":93}},"s":{"0":8,"1":8,"2":8,"3":8,"4":2,"5":2,"6":2,"7":8,"8":4,"9":4,"10":4,"11":4,"12":4,"13":0,"14":0,"15":0,"16":0,"17":0,"18":0,"19":0,"20":0,"21":0,"22":0,"23":8},"f":{"0":8,"1":2,"2":2,"3":4},"b":{"0":[0,2],"1":[4,0],"2":[4,1,0,0,0,0,0,0,0,0,0,0],"3":[0,0],"4":[0,0]},"_coverageSchema":"1a1c01bbd47fc00a2c39e90264f33305004495a9","hash":"706289b505214a05baa6c68b220705926e9d3e95"}
,"C:\\Users\\Fedex\\OneDrive\\Escritorio\\Tesis\\kingdomPC\\src\\components\\Updateproduct.jsx": {"path":"C:\\Users\\Fedex\\OneDrive\\Escritorio\\Tesis\\kingdomPC\\src\\components\\Updateproduct.jsx","statementMap":{"0":{"start":{"line":8,"column":38},"end":{"line":8,"column":50}},"1":{"start":{"line":9,"column":52},"end":{"line":9,"column":66}},"2":{"start":{"line":10,"column":42},"end":{"line":16,"column":6}},"3":{"start":{"line":18,"column":23},"end":{"line":31,"column":5}},"4":{"start":{"line":33,"column":4},"end":{"line":47,"column":16}},"5":{"start":{"line":34,"column":8},"end":{"line":46,"column":15}},"6":{"start":{"line":35,"column":32},"end":{"line":35,"column":47}},"7":{"start":{"line":36,"column":28},"end":{"line":36,"column":46}},"8":{"start":{"line":38,"column":16},"end":{"line":45,"column":17}},"9":{"start":{"line":39,"column":20},"end":{"line":44,"column":23}},"10":{"start":{"line":49,"column":32},"end":{"line":61,"column":5}},"11":{"start":{"line":50,"column":25},"end":{"line":50,"column":81}},"12":{"start":{"line":50,"column":54},"end":{"line":50,"column":80}},"13":{"start":{"line":51,"column":8},"end":{"line":60,"column":9}},"14":{"start":{"line":52,"column":12},"end":{"line":52,"column":45}},"15":{"start":{"line":53,"column":12},"end":{"line":59,"column":15}},"16":{"start":{"line":63,"column":25},"end":{"line":66,"column":5}},"17":{"start":{"line":64,"column":22},"end":{"line":64,"column":57}},"18":{"start":{"line":65,"column":8},"end":{"line":65,"column":59}},"19":{"start":{"line":68,"column":25},"end":{"line":112,"column":5}},"20":{"start":{"line":69,"column":8},"end":{"line":77,"column":9}},"21":{"start":{"line":70,"column":12},"end":{"line":75,"column":15}},"22":{"start":{"line":76,"column":12},"end":{"line":76,"column":19}},"23":{"start":{"line":79,"column":8},"end":{"line":111,"column":15}},"24":{"start":{"line":87,"column":16},"end":{"line":102,"column":17}},"25":{"start":{"line":88,"column":20},"end":{"line":93,"column":23}},"26":{"start":{"line":94,"column":20},"end":{"line":94,"column":30}},"27":{"start":{"line":96,"column":20},"end":{"line":101,"column":23}},"28":{"start":{"line":105,"column":16},"end":{"line":110,"column":19}},"29":{"start":{"line":114,"column":4},"end":{"line":178,"column":6}},"30":{"start":{"line":121,"column":58},"end":{"line":121,"column":104}},"31":{"start":{"line":122,"column":37},"end":{"line":122,"column":65}},"32":{"start":{"line":134,"column":45},"end":{"line":134,"column":70}},"33":{"start":{"line":142,"column":45},"end":{"line":142,"column":75}},"34":{"start":{"line":150,"column":50},"end":{"line":150,"column":75}},"35":{"start":{"line":161,"column":45},"end":{"line":161,"column":73}},"36":{"start":{"line":170,"column":45},"end":{"line":170,"column":73}}},"fnMap":{"0":{"name":"UpdateProducto","decl":{"start":{"line":7,"column":24},"end":{"line":7,"column":38}},"loc":{"start":{"line":7,"column":67},"end":{"line":179,"column":1}},"line":7},"1":{"name":"(anonymous_1)","decl":{"start":{"line":33,"column":14},"end":{"line":33,"column":15}},"loc":{"start":{"line":33,"column":20},"end":{"line":47,"column":5}},"line":33},"2":{"name":"(anonymous_2)","decl":{"start":{"line":35,"column":18},"end":{"line":35,"column":19}},"loc":{"start":{"line":35,"column":32},"end":{"line":35,"column":47}},"line":35},"3":{"name":"(anonymous_3)","decl":{"start":{"line":36,"column":18},"end":{"line":36,"column":19}},"loc":{"start":{"line":36,"column":28},"end":{"line":36,"column":46}},"line":36},"4":{"name":"(anonymous_4)","decl":{"start":{"line":37,"column":19},"end":{"line":37,"column":20}},"loc":{"start":{"line":37,"column":25},"end":{"line":46,"column":13}},"line":37},"5":{"name":"(anonymous_5)","decl":{"start":{"line":49,"column":32},"end":{"line":49,"column":33}},"loc":{"start":{"line":49,"column":48},"end":{"line":61,"column":5}},"line":49},"6":{"name":"(anonymous_6)","decl":{"start":{"line":50,"column":40},"end":{"line":50,"column":41}},"loc":{"start":{"line":50,"column":54},"end":{"line":50,"column":80}},"line":50},"7":{"name":"(anonymous_7)","decl":{"start":{"line":63,"column":25},"end":{"line":63,"column":26}},"loc":{"start":{"line":63,"column":39},"end":{"line":66,"column":5}},"line":63},"8":{"name":"(anonymous_8)","decl":{"start":{"line":68,"column":25},"end":{"line":68,"column":26}},"loc":{"start":{"line":68,"column":31},"end":{"line":112,"column":5}},"line":68},"9":{"name":"(anonymous_9)","decl":{"start":{"line":86,"column":18},"end":{"line":86,"column":19}},"loc":{"start":{"line":86,"column":32},"end":{"line":103,"column":13}},"line":86},"10":{"name":"(anonymous_10)","decl":{"start":{"line":104,"column":19},"end":{"line":104,"column":20}},"loc":{"start":{"line":104,"column":25},"end":{"line":111,"column":13}},"line":104},"11":{"name":"(anonymous_11)","decl":{"start":{"line":121,"column":43},"end":{"line":121,"column":44}},"loc":{"start":{"line":121,"column":58},"end":{"line":121,"column":104}},"line":121},"12":{"name":"(anonymous_12)","decl":{"start":{"line":122,"column":30},"end":{"line":122,"column":31}},"loc":{"start":{"line":122,"column":37},"end":{"line":122,"column":65}},"line":122},"13":{"name":"(anonymous_13)","decl":{"start":{"line":134,"column":38},"end":{"line":134,"column":39}},"loc":{"start":{"line":134,"column":45},"end":{"line":134,"column":70}},"line":134},"14":{"name":"(anonymous_14)","decl":{"start":{"line":142,"column":38},"end":{"line":142,"column":39}},"loc":{"start":{"line":142,"column":45},"end":{"line":142,"column":75}},"line":142},"15":{"name":"(anonymous_15)","decl":{"start":{"line":150,"column":43},"end":{"line":150,"column":44}},"loc":{"start":{"line":150,"column":50},"end":{"line":150,"column":75}},"line":150},"16":{"name":"(anonymous_16)","decl":{"start":{"line":161,"column":38},"end":{"line":161,"column":39}},"loc":{"start":{"line":161,"column":45},"end":{"line":161,"column":73}},"line":161},"17":{"name":"(anonymous_17)","decl":{"start":{"line":170,"column":38},"end":{"line":170,"column":39}},"loc":{"start":{"line":170,"column":45},"end":{"line":170,"column":73}},"line":170}},"branchMap":{"0":{"loc":{"start":{"line":38,"column":16},"end":{"line":45,"column":17}},"type":"if","locations":[{"start":{"line":38,"column":16},"end":{"line":45,"column":17}},{"start":{},"end":{}}],"line":38},"1":{"loc":{"start":{"line":38,"column":20},"end":{"line":38,"column":42}},"type":"binary-expr","locations":[{"start":{"line":38,"column":20},"end":{"line":38,"column":25}},{"start":{"line":38,"column":29},"end":{"line":38,"column":42}}],"line":38},"2":{"loc":{"start":{"line":51,"column":8},"end":{"line":60,"column":9}},"type":"if","locations":[{"start":{"line":51,"column":8},"end":{"line":60,"column":9}},{"start":{},"end":{}}],"line":51},"3":{"loc":{"start":{"line":64,"column":22},"end":{"line":64,"column":57}},"type":"cond-expr","locations":[{"start":{"line":64,"column":33},"end":{"line":64,"column":47}},{"start":{"line":64,"column":50},"end":{"line":64,"column":57}}],"line":64},"4":{"loc":{"start":{"line":69,"column":8},"end":{"line":77,"column":9}},"type":"if","locations":[{"start":{"line":69,"column":8},"end":{"line":77,"column":9}},{"start":{},"end":{}}],"line":69},"5":{"loc":{"start":{"line":87,"column":16},"end":{"line":102,"column":17}},"type":"if","locations":[{"start":{"line":87,"column":16},"end":{"line":102,"column":17}},{"start":{"line":95,"column":23},"end":{"line":102,"column":17}}],"line":87},"6":{"loc":{"start":{"line":127,"column":13},"end":{"line":175,"column":13}},"type":"binary-expr","locations":[{"start":{"line":127,"column":13},"end":{"line":127,"column":29}},{"start":{"line":128,"column":16},"end":{"line":174,"column":19}}],"line":127}},"s":{"0":7,"1":7,"2":7,"3":7,"4":7,"5":7,"6":6,"7":6,"8":1,"9":1,"10":7,"11":0,"12":0,"13":0,"14":0,"15":0,"16":7,"17":0,"18":0,"19":7,"20":0,"21":0,"22":0,"23":0,"24":0,"25":0,"26":0,"27":0,"28":0,"29":7,"30":0,"31":0,"32":0,"33":0,"34":0,"35":0,"36":0},"f":{"0":7,"1":7,"2":6,"3":6,"4":1,"5":0,"6":0,"7":0,"8":0,"9":0,"10":0,"11":0,"12":0,"13":0,"14":0,"15":0,"16":0,"17":0},"b":{"0":[1,0],"1":[1,1],"2":[0,0],"3":[0,0],"4":[0,0],"5":[0,0],"6":[7,0]},"_coverageSchema":"1a1c01bbd47fc00a2c39e90264f33305004495a9","hash":"63a4e194a88c799b8fe7b18ac0e5c2c3b31997e3"}
}
