TN:
SF:src\App.jsx
FN:14,App
FN:15,(anonymous_1)
FN:19,(anonymous_2)
FN:24,(anonymous_3)
FN:30,(anonymous_4)
FN:37,(anonymous_5)
FN:38,(anonymous_6)
FN:42,(anonymous_7)
FN:45,(anonymous_8)
FNF:9
FNH:4
FNDA:5,App
FNDA:5,(anonymous_1)
FNDA:5,(anonymous_2)
FNDA:5,(anonymous_3)
FNDA:0,(anonymous_4)
FNDA:0,(anonymous_5)
FNDA:0,(anonymous_6)
FNDA:0,(anonymous_7)
FNDA:0,(anonymous_8)
DA:15,5
DA:16,5
DA:19,5
DA:20,5
DA:21,5
DA:24,5
DA:25,5
DA:28,5
DA:30,5
DA:31,0
DA:32,0
DA:33,0
DA:34,0
DA:36,0
DA:37,0
DA:39,0
DA:40,0
DA:42,0
DA:45,5
DA:46,0
DA:47,0
DA:48,0
DA:49,0
DA:50,0
DA:51,0
DA:52,0
DA:55,5
LF:27
LH:11
BRDA:21,0,0,3
BRDA:21,0,1,2
BRDA:61,1,0,3
BRDA:61,1,1,2
BRDA:66,2,0,2
BRDA:66,2,1,1
BRDA:66,3,0,3
BRDA:66,3,1,3
BRF:8
BRH:8
end_of_record
TN:
SF:src\UserContext.js
FN:5,(anonymous_0)
FN:15,(anonymous_1)
FNF:2
FNH:0
FNDA:0,(anonymous_0)
FNDA:0,(anonymous_1)
DA:3,0
DA:5,0
DA:6,0
DA:8,0
DA:15,0
LF:5
LH:0
BRF:0
BRH:0
end_of_record
TN:
SF:src\index.js
FNF:0
FNH:0
DA:7,0
DA:8,0
DA:17,0
LF:3
LH:0
BRF:0
BRH:0
end_of_record
TN:
SF:src\reportWebVitals.js
FN:1,(anonymous_0)
FN:3,(anonymous_1)
FNF:2
FNH:0
FNDA:0,(anonymous_0)
FNDA:0,(anonymous_1)
DA:1,0
DA:2,0
DA:3,0
DA:4,0
DA:5,0
DA:6,0
DA:7,0
DA:8,0
LF:8
LH:0
BRDA:2,0,0,0
BRDA:2,0,1,0
BRDA:2,1,0,0
BRDA:2,1,1,0
BRF:4
BRH:0
end_of_record
TN:
SF:src\components\ActualizarDatosUser.jsx
FN:11,ActualizarDatosUser
FN:33,(anonymous_1)
FN:35,(anonymous_2)
FN:41,(anonymous_3)
FN:43,(anonymous_4)
FN:84,(anonymous_5)
FN:90,(anonymous_6)
FN:104,(anonymous_7)
FN:144,(anonymous_8)
FN:166,(anonymous_9)
FN:188,(anonymous_10)
FN:210,(anonymous_11)
FN:232,(anonymous_12)
FN:282,(anonymous_13)
FN:304,(anonymous_14)
FN:326,(anonymous_15)
FN:348,(anonymous_16)
FN:370,(anonymous_17)
FNF:18
FNH:0
FNDA:0,ActualizarDatosUser
FNDA:0,(anonymous_1)
FNDA:0,(anonymous_2)
FNDA:0,(anonymous_3)
FNDA:0,(anonymous_4)
FNDA:0,(anonymous_5)
FNDA:0,(anonymous_6)
FNDA:0,(anonymous_7)
FNDA:0,(anonymous_8)
FNDA:0,(anonymous_9)
FNDA:0,(anonymous_10)
FNDA:0,(anonymous_11)
FNDA:0,(anonymous_12)
FNDA:0,(anonymous_13)
FNDA:0,(anonymous_14)
FNDA:0,(anonymous_15)
FNDA:0,(anonymous_16)
FNDA:0,(anonymous_17)
DA:12,0
DA:13,0
DA:14,0
DA:15,0
DA:33,0
DA:34,0
DA:35,0
DA:41,0
DA:42,0
DA:43,0
DA:45,0
DA:46,0
DA:47,0
DA:49,0
DA:50,0
DA:54,0
DA:72,0
DA:80,0
DA:81,0
DA:84,0
DA:90,0
DA:95,0
DA:103,0
DA:104,0
DA:113,0
DA:123,0
DA:144,0
DA:166,0
DA:188,0
DA:210,0
DA:232,0
DA:282,0
DA:304,0
DA:326,0
DA:348,0
DA:370,0
LF:36
LH:0
BRDA:16,0,0,0
BRDA:16,0,1,0
BRDA:45,1,0,0
BRDA:45,1,1,0
BRDA:46,2,0,0
BRDA:46,2,1,0
BRDA:49,3,0,0
BRDA:49,3,1,0
BRDA:80,4,0,0
BRDA:80,4,1,0
BRDA:103,5,0,0
BRDA:103,5,1,0
BRDA:139,6,0,0
BRDA:139,6,1,0
BRDA:146,7,0,0
BRDA:146,7,1,0
BRDA:161,8,0,0
BRDA:161,8,1,0
BRDA:168,9,0,0
BRDA:168,9,1,0
BRDA:183,10,0,0
BRDA:183,10,1,0
BRDA:190,11,0,0
BRDA:190,11,1,0
BRDA:205,12,0,0
BRDA:205,12,1,0
BRDA:212,13,0,0
BRDA:212,13,1,0
BRDA:227,14,0,0
BRDA:227,14,1,0
BRDA:234,15,0,0
BRDA:234,15,1,0
BRDA:284,16,0,0
BRDA:284,16,1,0
BRDA:284,16,2,0
BRDA:299,17,0,0
BRDA:299,17,1,0
BRDA:306,18,0,0
BRDA:306,18,1,0
BRDA:321,19,0,0
BRDA:321,19,1,0
BRDA:328,20,0,0
BRDA:328,20,1,0
BRDA:343,21,0,0
BRDA:343,21,1,0
BRDA:350,22,0,0
BRDA:350,22,1,0
BRDA:365,23,0,0
BRDA:365,23,1,0
BRDA:372,24,0,0
BRDA:372,24,1,0
BRF:51
BRH:0
end_of_record
TN:
SF:src\components\Addproduct.jsx
FN:9,(anonymous_0)
FN:32,(anonymous_1)
FN:100,(anonymous_2)
FN:109,(anonymous_3)
FN:117,(anonymous_4)
FN:129,(anonymous_5)
FN:137,(anonymous_6)
FNF:7
FNH:5
FNDA:11,(anonymous_0)
FNDA:2,(anonymous_1)
FNDA:1,(anonymous_2)
FNDA:1,(anonymous_3)
FNDA:0,(anonymous_4)
FNDA:0,(anonymous_5)
FNDA:1,(anonymous_6)
DA:9,2
DA:10,11
DA:11,11
DA:12,11
DA:13,11
DA:14,11
DA:15,11
DA:17,11
DA:32,11
DA:33,2
DA:34,2
DA:40,2
DA:43,0
DA:51,0
DA:52,0
DA:63,0
DA:64,0
DA:67,0
DA:75,0
DA:76,0
DA:77,0
DA:78,0
DA:79,0
DA:80,0
DA:82,0
DA:91,11
DA:100,1
DA:109,1
DA:117,0
DA:129,0
DA:137,1
LF:31
LH:16
BRDA:33,0,0,2
BRDA:33,0,1,0
BRDA:33,1,0,2
BRDA:33,1,1,0
BRDA:33,1,2,0
BRDA:33,1,3,0
BRDA:33,1,4,0
BRDA:63,2,0,0
BRDA:63,2,1,0
BRF:9
BRH:2
end_of_record
TN:
SF:src\components\Adminview.jsx
FN:10,AdminMenu
FN:17,(anonymous_1)
FN:36,(anonymous_2)
FN:47,(anonymous_3)
FN:52,(anonymous_4)
FN:57,(anonymous_5)
FN:62,(anonymous_6)
FNF:7
FNH:6
FNDA:10,AdminMenu
FNDA:4,(anonymous_1)
FNDA:0,(anonymous_2)
FNDA:1,(anonymous_3)
FNDA:1,(anonymous_4)
FNDA:1,(anonymous_5)
FNDA:1,(anonymous_6)
DA:11,10
DA:12,10
DA:13,10
DA:14,10
DA:15,10
DA:17,10
DA:18,4
DA:20,1
DA:21,1
DA:23,1
DA:24,1
DA:26,1
DA:27,1
DA:29,1
DA:30,1
DA:32,0
DA:36,10
DA:37,0
DA:38,0
DA:39,0
DA:40,0
DA:43,10
DA:47,1
DA:52,1
DA:57,1
DA:62,1
DA:66,10
LF:27
LH:22
BRDA:18,0,0,1
BRDA:18,0,1,1
BRDA:18,0,2,1
BRDA:18,0,3,1
BRDA:18,0,4,0
BRF:5
BRH:4
end_of_record
TN:
SF:src\components\Cart.jsx
FN:8,Cart
FN:13,(anonymous_1)
FN:22,(anonymous_2)
FN:41,(anonymous_3)
FN:47,(anonymous_4)
FN:85,(anonymous_5)
FN:88,(anonymous_6)
FN:95,(anonymous_7)
FN:151,(anonymous_8)
FN:159,(anonymous_9)
FN:166,(anonymous_10)
FN:184,(anonymous_11)
FNF:12
FNH:3
FNDA:5,Cart
FNDA:5,(anonymous_1)
FNDA:0,(anonymous_2)
FNDA:5,(anonymous_3)
FNDA:0,(anonymous_4)
FNDA:0,(anonymous_5)
FNDA:0,(anonymous_6)
FNDA:0,(anonymous_7)
FNDA:0,(anonymous_8)
FNDA:0,(anonymous_9)
FNDA:0,(anonymous_10)
FNDA:0,(anonymous_11)
DA:9,5
DA:10,5
DA:11,5
DA:13,5
DA:14,5
DA:15,5
DA:17,5
DA:18,0
DA:21,0
DA:22,0
DA:24,0
DA:25,0
DA:27,0
DA:31,5
DA:32,5
DA:41,5
DA:42,5
DA:43,5
DA:47,5
DA:48,0
DA:49,0
DA:50,0
DA:53,0
DA:54,0
DA:61,0
DA:62,0
DA:65,0
DA:72,0
DA:75,0
DA:76,0
DA:85,5
DA:86,0
DA:88,0
DA:89,0
DA:90,0
DA:91,0
DA:95,5
DA:96,0
DA:97,0
DA:98,0
DA:104,0
DA:107,0
DA:114,0
DA:115,0
DA:118,0
DA:125,0
DA:128,0
DA:129,0
DA:138,5
DA:151,0
DA:160,0
DA:167,0
DA:168,0
DA:184,0
LF:54
LH:16
BRDA:17,0,0,0
BRDA:17,0,1,0
BRDA:24,1,0,0
BRDA:24,1,1,0
BRDA:24,2,0,0
BRDA:24,2,1,0
BRDA:24,2,2,0
BRDA:42,3,0,5
BRDA:42,3,1,0
BRDA:48,4,0,0
BRDA:48,4,1,0
BRDA:61,5,0,0
BRDA:61,5,1,0
BRDA:86,6,0,0
BRDA:86,6,1,0
BRDA:86,7,0,0
BRDA:86,7,1,0
BRDA:89,8,0,0
BRDA:89,8,1,0
BRDA:90,9,0,0
BRDA:90,9,1,0
BRDA:97,10,0,0
BRDA:97,10,1,0
BRDA:114,11,0,0
BRDA:114,11,1,0
BRDA:143,12,0,5
BRDA:143,12,1,0
BRF:27
BRH:2
end_of_record
TN:
SF:src\components\Deleteproduct.jsx
FN:6,DeleteProducto
FN:9,(anonymous_1)
FN:11,(anonymous_2)
FN:12,(anonymous_3)
FN:13,(anonymous_4)
FN:23,(anonymous_5)
FN:27,(anonymous_6)
FN:36,(anonymous_7)
FN:46,(anonymous_8)
FN:56,(anonymous_9)
FN:62,(anonymous_10)
FNF:11
FNH:5
FNDA:8,DeleteProducto
FNDA:5,(anonymous_1)
FNDA:5,(anonymous_2)
FNDA:5,(anonymous_3)
FNDA:0,(anonymous_4)
FNDA:0,(anonymous_5)
FNDA:0,(anonymous_6)
FNDA:0,(anonymous_7)
FNDA:0,(anonymous_8)
FNDA:6,(anonymous_9)
FNDA:0,(anonymous_10)
DA:7,8
DA:9,8
DA:10,5
DA:11,5
DA:12,5
DA:14,0
DA:23,8
DA:24,0
DA:28,0
DA:29,0
DA:36,0
DA:38,0
DA:47,0
DA:56,8
DA:57,6
DA:62,0
DA:67,8
LF:17
LH:9
BRDA:28,0,0,0
BRDA:28,0,1,0
BRF:2
BRH:0
end_of_record
TN:
SF:src\components\Home.jsx
FN:9,Home
FN:31,(anonymous_1)
FN:32,(anonymous_2)
FN:38,(anonymous_3)
FN:42,(anonymous_4)
FN:56,(anonymous_5)
FN:57,(anonymous_6)
FN:63,(anonymous_7)
FN:71,(anonymous_8)
FN:74,(anonymous_9)
FN:83,(anonymous_10)
FN:140,(anonymous_11)
FN:145,(anonymous_12)
FN:150,(anonymous_13)
FN:158,(anonymous_14)
FN:168,(anonymous_15)
FN:177,(anonymous_16)
FN:184,(anonymous_17)
FN:190,(anonymous_18)
FN:267,(anonymous_19)
FN:363,(anonymous_20)
FN:383,(anonymous_21)
FN:396,(anonymous_22)
FNF:23
FNH:9
FNDA:12,Home
FNDA:6,(anonymous_1)
FNDA:6,(anonymous_2)
FNDA:4,(anonymous_3)
FNDA:8,(anonymous_4)
FNDA:0,(anonymous_5)
FNDA:0,(anonymous_6)
FNDA:0,(anonymous_7)
FNDA:0,(anonymous_8)
FNDA:0,(anonymous_9)
FNDA:0,(anonymous_10)
FNDA:2,(anonymous_11)
FNDA:12,(anonymous_12)
FNDA:0,(anonymous_13)
FNDA:0,(anonymous_14)
FNDA:0,(anonymous_15)
FNDA:12,(anonymous_16)
FNDA:2,(anonymous_17)
FNDA:0,(anonymous_18)
FNDA:0,(anonymous_19)
FNDA:0,(anonymous_20)
FNDA:0,(anonymous_21)
FNDA:0,(anonymous_22)
DA:10,12
DA:11,12
DA:12,12
DA:13,12
DA:14,12
DA:16,12
DA:31,12
DA:32,6
DA:33,6
DA:34,6
DA:35,6
DA:37,4
DA:38,4
DA:39,4
DA:41,4
DA:42,4
DA:43,8
DA:45,4
DA:46,4
DA:49,2
DA:53,6
DA:56,12
DA:57,0
DA:63,12
DA:64,0
DA:65,0
DA:66,0
DA:67,0
DA:70,0
DA:71,0
DA:73,0
DA:74,0
DA:76,0
DA:78,0
DA:79,0
DA:83,12
DA:84,0
DA:85,0
DA:91,0
DA:94,0
DA:95,0
DA:96,0
DA:102,0
DA:105,0
DA:106,0
DA:107,0
DA:119,0
DA:120,0
DA:123,0
DA:131,0
DA:140,12
DA:141,2
DA:142,2
DA:145,12
DA:146,12
DA:151,0
DA:152,0
DA:158,0
DA:169,0
DA:170,0
DA:177,12
DA:178,12
DA:184,2
DA:190,0
DA:219,12
DA:240,12
DA:267,0
DA:363,0
DA:383,0
DA:396,0
LF:70
LH:34
BRDA:37,0,0,4
BRDA:37,0,1,0
BRDA:37,1,0,4
BRDA:37,1,1,4
BRDA:66,2,0,0
BRDA:66,2,1,0
BRDA:73,3,0,0
BRDA:73,3,1,0
BRDA:84,4,0,0
BRDA:84,4,1,0
BRDA:84,5,0,0
BRDA:84,5,1,0
BRDA:95,6,0,0
BRDA:95,6,1,0
BRDA:106,7,0,0
BRDA:106,7,1,0
BRDA:119,8,0,0
BRDA:119,8,1,0
BRDA:207,9,0,12
BRDA:207,9,1,12
BRDA:212,10,0,12
BRDA:212,10,1,0
BRDA:334,11,0,12
BRDA:334,11,1,2
BRF:24
BRH:8
end_of_record
TN:
SF:src\components\Layout.jsx
FN:8,Layout
FN:13,(anonymous_1)
FN:14,verificarAdmin
FN:35,(anonymous_3)
FN:42,(anonymous_4)
FN:51,(anonymous_5)
FN:55,(anonymous_6)
FNF:7
FNH:3
FNDA:7,Layout
FNDA:7,(anonymous_1)
FNDA:7,verificarAdmin
FNDA:0,(anonymous_3)
FNDA:0,(anonymous_4)
FNDA:0,(anonymous_5)
FNDA:0,(anonymous_6)
DA:9,7
DA:10,7
DA:11,7
DA:13,7
DA:15,7
DA:16,7
DA:17,7
DA:18,0
DA:20,4
DA:21,4
DA:23,3
DA:26,7
DA:27,7
DA:31,7
DA:35,0
DA:42,0
DA:51,0
DA:55,7
DA:56,0
DA:59,7
LF:20
LH:15
BRDA:17,0,0,0
BRDA:17,0,1,4
BRDA:26,1,0,7
BRDA:26,1,1,0
BRDA:38,2,0,0
BRDA:38,2,1,7
BRF:6
BRH:3
end_of_record
TN:
SF:src\components\Login.jsx
FN:10,Login
FN:16,(anonymous_1)
FN:50,(anonymous_2)
FN:108,(anonymous_3)
FN:119,(anonymous_4)
FNF:5
FNH:5
FNDA:17,Login
FNDA:3,(anonymous_1)
FNDA:1,(anonymous_2)
FNDA:4,(anonymous_3)
FNDA:4,(anonymous_4)
DA:11,17
DA:12,17
DA:13,17
DA:14,17
DA:16,17
DA:17,3
DA:19,3
DA:20,0
DA:26,0
DA:29,3
DA:30,3
DA:40,2
DA:41,1
DA:48,1
DA:49,1
DA:50,1
DA:52,1
DA:53,1
DA:54,1
DA:60,1
DA:61,1
DA:62,1
DA:66,1
DA:74,2
DA:75,2
DA:84,17
DA:108,4
DA:119,4
LF:28
LH:26
BRDA:19,0,0,0
BRDA:19,0,1,3
BRDA:19,1,0,3
BRDA:19,1,1,3
BRDA:40,2,0,1
BRDA:40,2,1,1
BRDA:48,3,0,1
BRDA:48,3,1,0
BRDA:52,4,0,1
BRDA:52,4,1,0
BRDA:129,5,0,17
BRDA:129,5,1,8
BRF:12
BRH:9
end_of_record
TN:
SF:src\components\Navbar.jsx
FN:11,Navbar
FN:71,(anonymous_1)
FNF:2
FNH:1
FNDA:13,Navbar
FNDA:0,(anonymous_1)
DA:12,13
DA:71,0
LF:2
LH:1
BRDA:35,0,0,13
BRDA:35,0,1,7
BRDA:38,1,0,13
BRDA:38,1,1,7
BRDA:52,2,0,13
BRDA:52,2,1,1
BRF:6
BRH:6
end_of_record
TN:
SF:src\components\Pedido.jsx
FN:4,Pedido
FN:8,(anonymous_1)
FN:11,(anonymous_2)
FN:17,(anonymous_3)
FN:20,(anonymous_4)
FN:27,(anonymous_5)
FN:28,(anonymous_6)
FN:41,(anonymous_7)
FNF:8
FNH:8
FNDA:4,Pedido
FNDA:3,(anonymous_1)
FNDA:1,(anonymous_2)
FNDA:1,(anonymous_3)
FNDA:1,(anonymous_4)
FNDA:1,(anonymous_5)
FNDA:2,(anonymous_6)
FNDA:2,(anonymous_7)
DA:5,4
DA:8,4
DA:9,3
DA:10,2
DA:12,1
DA:13,0
DA:15,1
DA:18,1
DA:21,1
DA:27,4
DA:28,2
DA:30,1
DA:42,2
DA:55,4
LF:14
LH:13
BRDA:9,0,0,2
BRDA:9,0,1,1
BRDA:9,1,0,3
BRDA:9,1,1,3
BRDA:12,2,0,0
BRDA:12,2,1,1
BRF:6
BRH:5
end_of_record
TN:
SF:src\components\Pedidos.jsx
FN:5,Pedidos
FN:9,(anonymous_1)
FN:10,(anonymous_2)
FN:28,(anonymous_3)
FN:31,(anonymous_4)
FN:36,(anonymous_5)
FN:37,(anonymous_6)
FN:57,(anonymous_7)
FN:61,(anonymous_8)
FN:61,(anonymous_9)
FN:67,(anonymous_10)
FN:67,(anonymous_11)
FN:73,(anonymous_12)
FN:73,(anonymous_13)
FNF:14
FNH:4
FNDA:4,Pedidos
FNDA:3,(anonymous_1)
FNDA:3,(anonymous_2)
FNDA:0,(anonymous_3)
FNDA:0,(anonymous_4)
FNDA:3,(anonymous_5)
FNDA:0,(anonymous_6)
FNDA:0,(anonymous_7)
FNDA:0,(anonymous_8)
FNDA:0,(anonymous_9)
FNDA:0,(anonymous_10)
FNDA:0,(anonymous_11)
FNDA:0,(anonymous_12)
FNDA:0,(anonymous_13)
DA:6,4
DA:7,4
DA:9,4
DA:10,3
DA:11,3
DA:12,3
DA:13,2
DA:14,0
DA:16,1
DA:17,1
DA:19,2
DA:23,3
DA:26,4
DA:28,3
DA:29,0
DA:31,0
DA:32,0
DA:36,3
DA:37,3
DA:38,0
DA:39,0
DA:48,3
DA:50,3
DA:57,0
DA:61,0
DA:62,0
DA:67,0
DA:68,0
DA:73,0
DA:74,0
LF:30
LH:17
BRDA:13,0,0,0
BRDA:13,0,1,1
BRDA:26,1,0,1
BRDA:26,1,1,3
BRDA:29,2,0,0
BRDA:29,2,1,0
BRDA:29,3,0,0
BRDA:29,3,1,0
BRDA:32,4,0,0
BRDA:32,4,1,0
BRDA:32,5,0,0
BRDA:32,5,1,0
BRDA:37,6,0,3
BRDA:37,6,1,0
BRDA:38,7,0,0
BRDA:38,7,1,0
BRDA:43,8,0,0
BRDA:43,8,1,0
BRF:18
BRH:4
end_of_record
TN:
SF:src\components\PerfilUsuario.jsx
FN:4,Profile
FNF:1
FNH:1
FNDA:3,Profile
DA:5,3
LF:1
LH:1
BRDA:13,0,0,3
BRDA:13,0,1,2
BRDA:17,1,0,3
BRDA:17,1,1,2
BRDA:21,2,0,3
BRDA:21,2,1,2
BRDA:25,3,0,3
BRDA:25,3,1,2
BRDA:29,4,0,3
BRDA:29,4,1,2
BRDA:33,5,0,3
BRDA:33,5,1,2
BRDA:37,6,0,3
BRDA:37,6,1,2
BRF:14
BRH:14
end_of_record
TN:
SF:src\components\Producto.jsx
FN:7,Menu
FN:29,(anonymous_1)
FN:30,(anonymous_2)
FN:37,(anonymous_3)
FN:51,(anonymous_4)
FN:56,(anonymous_5)
FN:65,(anonymous_6)
FN:66,(anonymous_7)
FN:72,(anonymous_8)
FN:74,(anonymous_9)
FN:122,(anonymous_10)
FN:137,(anonymous_11)
FN:149,(anonymous_12)
FN:155,(anonymous_13)
FN:242,(anonymous_14)
FN:315,(anonymous_15)
FN:326,(anonymous_16)
FN:338,(anonymous_17)
FNF:18
FNH:12
FNDA:12,Menu
FNDA:4,(anonymous_1)
FNDA:4,(anonymous_2)
FNDA:4,(anonymous_3)
FNDA:3,(anonymous_4)
FNDA:8,(anonymous_5)
FNDA:0,(anonymous_6)
FNDA:0,(anonymous_7)
FNDA:2,(anonymous_8)
FNDA:2,(anonymous_9)
FNDA:8,(anonymous_10)
FNDA:8,(anonymous_11)
FNDA:3,(anonymous_12)
FNDA:0,(anonymous_13)
FNDA:0,(anonymous_14)
FNDA:0,(anonymous_15)
FNDA:0,(anonymous_16)
FNDA:2,(anonymous_17)
DA:8,12
DA:9,12
DA:10,12
DA:11,12
DA:12,12
DA:14,12
DA:29,12
DA:30,4
DA:31,4
DA:32,4
DA:33,4
DA:35,4
DA:36,4
DA:37,4
DA:38,4
DA:40,4
DA:41,4
DA:44,0
DA:48,4
DA:51,12
DA:52,3
DA:53,3
DA:56,12
DA:57,8
DA:58,8
DA:59,8
DA:61,8
DA:62,8
DA:65,12
DA:66,0
DA:72,12
DA:73,2
DA:74,2
DA:76,2
DA:78,2
DA:79,2
DA:91,2
DA:92,1
DA:98,1
DA:100,1
DA:108,0
DA:109,0
DA:118,12
DA:123,8
DA:138,8
DA:149,3
DA:155,0
DA:242,0
DA:316,0
DA:327,0
DA:338,2
LF:51
LH:43
BRDA:35,0,0,4
BRDA:35,0,1,0
BRDA:35,1,0,4
BRDA:35,1,1,4
BRDA:58,2,0,8
BRDA:58,2,1,0
BRDA:76,3,0,0
BRDA:76,3,1,2
BRDA:76,4,0,2
BRDA:76,4,1,2
BRDA:91,5,0,1
BRDA:91,5,1,1
BRDA:125,6,0,8
BRDA:125,6,1,8
BRDA:128,7,0,8
BRDA:128,7,1,0
BRDA:222,8,0,8
BRDA:222,8,1,8
BRDA:311,9,0,12
BRDA:311,9,1,4
BRF:20
BRH:16
end_of_record
TN:
SF:src\components\ProductoItem.jsx
FN:3,MenuItem
FN:12,(anonymous_1)
FNF:2
FNH:2
FNDA:4,MenuItem
FNDA:2,(anonymous_1)
DA:4,4
DA:12,2
LF:2
LH:2
BRF:0
BRH:0
end_of_record
TN:
SF:src\components\Register.jsx
FN:9,Register
FN:28,(anonymous_1)
FN:30,(anonymous_2)
FN:36,(anonymous_3)
FNF:4
FNH:4
FNDA:8,Register
FNDA:2,(anonymous_1)
FNDA:2,(anonymous_2)
FNDA:4,(anonymous_3)
DA:10,8
DA:25,8
DA:26,8
DA:28,8
DA:29,2
DA:30,2
DA:36,8
DA:37,4
DA:42,4
DA:44,4
DA:46,4
DA:51,4
DA:54,0
DA:71,0
DA:72,0
DA:80,0
DA:81,0
DA:87,0
DA:89,0
DA:90,0
DA:98,0
DA:99,0
DA:108,8
LF:23
LH:13
BRDA:32,0,0,0
BRDA:32,0,1,2
BRDA:44,1,0,4
BRDA:44,1,1,0
BRDA:44,2,0,4
BRDA:44,2,1,1
BRDA:44,2,2,0
BRDA:44,2,3,0
BRDA:44,2,4,0
BRDA:44,2,5,0
BRDA:44,2,6,0
BRDA:44,2,7,0
BRDA:44,2,8,0
BRDA:44,2,9,0
BRDA:44,2,10,0
BRDA:44,2,11,0
BRDA:80,3,0,0
BRDA:80,3,1,0
BRDA:93,4,0,0
BRDA:93,4,1,0
BRF:20
BRH:4
end_of_record
TN:
SF:src\components\Updateproduct.jsx
FN:7,UpdateProducto
FN:33,(anonymous_1)
FN:35,(anonymous_2)
FN:36,(anonymous_3)
FN:37,(anonymous_4)
FN:49,(anonymous_5)
FN:50,(anonymous_6)
FN:63,(anonymous_7)
FN:68,(anonymous_8)
FN:86,(anonymous_9)
FN:104,(anonymous_10)
FN:121,(anonymous_11)
FN:122,(anonymous_12)
FN:134,(anonymous_13)
FN:142,(anonymous_14)
FN:150,(anonymous_15)
FN:161,(anonymous_16)
FN:170,(anonymous_17)
FNF:18
FNH:5
FNDA:7,UpdateProducto
FNDA:7,(anonymous_1)
FNDA:6,(anonymous_2)
FNDA:6,(anonymous_3)
FNDA:1,(anonymous_4)
FNDA:0,(anonymous_5)
FNDA:0,(anonymous_6)
FNDA:0,(anonymous_7)
FNDA:0,(anonymous_8)
FNDA:0,(anonymous_9)
FNDA:0,(anonymous_10)
FNDA:0,(anonymous_11)
FNDA:0,(anonymous_12)
FNDA:0,(anonymous_13)
FNDA:0,(anonymous_14)
FNDA:0,(anonymous_15)
FNDA:0,(anonymous_16)
FNDA:0,(anonymous_17)
DA:8,7
DA:9,7
DA:10,7
DA:18,7
DA:33,7
DA:34,7
DA:35,6
DA:36,6
DA:38,1
DA:39,1
DA:49,7
DA:50,0
DA:51,0
DA:52,0
DA:53,0
DA:63,7
DA:64,0
DA:65,0
DA:68,7
DA:69,0
DA:70,0
DA:76,0
DA:79,0
DA:87,0
DA:88,0
DA:94,0
DA:96,0
DA:105,0
DA:114,7
DA:121,0
DA:122,0
DA:134,0
DA:142,0
DA:150,0
DA:161,0
DA:170,0
LF:36
LH:14
BRDA:38,0,0,1
BRDA:38,0,1,0
BRDA:38,1,0,1
BRDA:38,1,1,1
BRDA:51,2,0,0
BRDA:51,2,1,0
BRDA:64,3,0,0
BRDA:64,3,1,0
BRDA:69,4,0,0
BRDA:69,4,1,0
BRDA:87,5,0,0
BRDA:87,5,1,0
BRDA:127,6,0,7
BRDA:127,6,1,0
BRF:14
BRH:4
end_of_record
